Started GET "/" for ::1 at 2019-05-06 22:50:16 -0500
  
ActiveRecord::NoDatabaseError (FATAL:  database "project_development" does not exist
):
  
activerecord (5.2.3) lib/active_record/connection_adapters/postgresql_adapter.rb:696:in `rescue in connect'
activerecord (5.2.3) lib/active_record/connection_adapters/postgresql_adapter.rb:691:in `connect'
activerecord (5.2.3) lib/active_record/connection_adapters/postgresql_adapter.rb:223:in `initialize'
activerecord (5.2.3) lib/active_record/connection_adapters/postgresql_adapter.rb:48:in `new'
activerecord (5.2.3) lib/active_record/connection_adapters/postgresql_adapter.rb:48:in `postgresql_connection'
activerecord (5.2.3) lib/active_record/connection_adapters/abstract/connection_pool.rb:811:in `new_connection'
activerecord (5.2.3) lib/active_record/connection_adapters/abstract/connection_pool.rb:855:in `checkout_new_connection'
activerecord (5.2.3) lib/active_record/connection_adapters/abstract/connection_pool.rb:834:in `try_to_checkout_new_connection'
activerecord (5.2.3) lib/active_record/connection_adapters/abstract/connection_pool.rb:795:in `acquire_connection'
activerecord (5.2.3) lib/active_record/connection_adapters/abstract/connection_pool.rb:523:in `checkout'
activerecord (5.2.3) lib/active_record/connection_adapters/abstract/connection_pool.rb:382:in `connection'
activerecord (5.2.3) lib/active_record/connection_adapters/abstract/connection_pool.rb:1014:in `retrieve_connection'
activerecord (5.2.3) lib/active_record/connection_handling.rb:118:in `retrieve_connection'
activerecord (5.2.3) lib/active_record/connection_handling.rb:90:in `connection'
activerecord (5.2.3) lib/active_record/migration.rb:554:in `call'
actionpack (5.2.3) lib/action_dispatch/middleware/callbacks.rb:28:in `block in call'
activesupport (5.2.3) lib/active_support/callbacks.rb:98:in `run_callbacks'
actionpack (5.2.3) lib/action_dispatch/middleware/callbacks.rb:26:in `call'
actionpack (5.2.3) lib/action_dispatch/middleware/executor.rb:14:in `call'
actionpack (5.2.3) lib/action_dispatch/middleware/debug_exceptions.rb:61:in `call'
web-console (3.7.0) lib/web_console/middleware.rb:135:in `call_app'
web-console (3.7.0) lib/web_console/middleware.rb:30:in `block in call'
web-console (3.7.0) lib/web_console/middleware.rb:20:in `catch'
web-console (3.7.0) lib/web_console/middleware.rb:20:in `call'
actionpack (5.2.3) lib/action_dispatch/middleware/show_exceptions.rb:33:in `call'
railties (5.2.3) lib/rails/rack/logger.rb:38:in `call_app'
railties (5.2.3) lib/rails/rack/logger.rb:26:in `block in call'
activesupport (5.2.3) lib/active_support/tagged_logging.rb:71:in `block in tagged'
activesupport (5.2.3) lib/active_support/tagged_logging.rb:28:in `tagged'
activesupport (5.2.3) lib/active_support/tagged_logging.rb:71:in `tagged'
railties (5.2.3) lib/rails/rack/logger.rb:26:in `call'
sprockets-rails (3.2.1) lib/sprockets/rails/quiet_assets.rb:13:in `call'
actionpack (5.2.3) lib/action_dispatch/middleware/remote_ip.rb:81:in `call'
actionpack (5.2.3) lib/action_dispatch/middleware/request_id.rb:27:in `call'
rack (2.0.7) lib/rack/method_override.rb:22:in `call'
rack (2.0.7) lib/rack/runtime.rb:22:in `call'
activesupport (5.2.3) lib/active_support/cache/strategy/local_cache_middleware.rb:29:in `call'
actionpack (5.2.3) lib/action_dispatch/middleware/executor.rb:14:in `call'
actionpack (5.2.3) lib/action_dispatch/middleware/static.rb:127:in `call'
rack (2.0.7) lib/rack/sendfile.rb:111:in `call'
railties (5.2.3) lib/rails/engine.rb:524:in `call'
puma (3.12.1) lib/puma/configuration.rb:227:in `call'
puma (3.12.1) lib/puma/server.rb:660:in `handle_request'
puma (3.12.1) lib/puma/server.rb:474:in `process_client'
puma (3.12.1) lib/puma/server.rb:334:in `block in run'
puma (3.12.1) lib/puma/thread_pool.rb:135:in `block in spawn_thread'
  [1m[35m (278.1ms)[0m  [1m[35mCREATE DATABASE "project_development" ENCODING = 'unicode'[0m
  ↳ /home/sduwal/.rvm/rubies/ruby-2.6.0/lib/ruby/gems/2.6.0/gems/rake-12.3.2/lib/rake/task.rb:273
  [1m[35m (282.1ms)[0m  [1m[35mCREATE DATABASE "project_test" ENCODING = 'unicode'[0m
  ↳ /home/sduwal/.rvm/rubies/ruby-2.6.0/lib/ruby/gems/2.6.0/gems/rake-12.3.2/lib/rake/task.rb:273
Started GET "/" for ::1 at 2019-05-06 22:51:15 -0500
Started GET "/" for ::1 at 2019-05-06 22:51:15 -0500
Processing by Rails::WelcomeController#index as HTML
Processing by Rails::WelcomeController#index as HTML
  Rendering /home/sduwal/.rvm/gems/ruby-2.6.0/gems/railties-5.2.3/lib/rails/templates/rails/welcome/index.html.erb
  Rendering /home/sduwal/.rvm/gems/ruby-2.6.0/gems/railties-5.2.3/lib/rails/templates/rails/welcome/index.html.erb
  Rendered /home/sduwal/.rvm/gems/ruby-2.6.0/gems/railties-5.2.3/lib/rails/templates/rails/welcome/index.html.erb (2.0ms)
  Rendered /home/sduwal/.rvm/gems/ruby-2.6.0/gems/railties-5.2.3/lib/rails/templates/rails/welcome/index.html.erb (0.2ms)
Completed 200 OK in 14ms (Views: 7.1ms | ActiveRecord: 0.0ms)


Completed 200 OK in 9ms (Views: 5.8ms | ActiveRecord: 0.0ms)


  [1m[35m (17.5ms)[0m  [1m[35mCREATE TABLE "schema_migrations" ("version" character varying NOT NULL PRIMARY KEY)[0m
  ↳ /home/sduwal/.rvm/rubies/ruby-2.6.0/lib/ruby/gems/2.6.0/gems/rake-12.3.2/lib/rake/task.rb:273
  [1m[35m (6.9ms)[0m  [1m[35mCREATE TABLE "ar_internal_metadata" ("key" character varying NOT NULL PRIMARY KEY, "value" character varying, "created_at" timestamp NOT NULL, "updated_at" timestamp NOT NULL)[0m
  ↳ /home/sduwal/.rvm/rubies/ruby-2.6.0/lib/ruby/gems/2.6.0/gems/rake-12.3.2/lib/rake/task.rb:273
  [1m[35m (0.2ms)[0m  [1m[34mSELECT pg_try_advisory_lock(279088437195799245)[0m
  ↳ /home/sduwal/.rvm/rubies/ruby-2.6.0/lib/ruby/gems/2.6.0/gems/rake-12.3.2/lib/rake/task.rb:273
  [1m[35m (0.4ms)[0m  [1m[34mSELECT "schema_migrations"."version" FROM "schema_migrations" ORDER BY "schema_migrations"."version" ASC[0m
  ↳ /home/sduwal/.rvm/rubies/ruby-2.6.0/lib/ruby/gems/2.6.0/gems/rake-12.3.2/lib/rake/task.rb:273
Migrating to CreateUsers (20190507035317)
  [1m[35m (0.2ms)[0m  [1m[35mBEGIN[0m
  ↳ /home/sduwal/.rvm/rubies/ruby-2.6.0/lib/ruby/gems/2.6.0/gems/rake-12.3.2/lib/rake/task.rb:273
  [1m[35m (11.3ms)[0m  [1m[35mCREATE TABLE "users" ("id" bigserial primary key, "name" character varying, "dob" date, "description" character varying, "occupation" character varying, "created_at" timestamp NOT NULL, "updated_at" timestamp NOT NULL)[0m
  ↳ db/migrate/20190507035317_create_users.rb:3
  [1m[36mActiveRecord::SchemaMigration Create (0.7ms)[0m  [1m[32mINSERT INTO "schema_migrations" ("version") VALUES ($1) RETURNING "version"[0m  [["version", "20190507035317"]]
  ↳ /home/sduwal/.rvm/rubies/ruby-2.6.0/lib/ruby/gems/2.6.0/gems/rake-12.3.2/lib/rake/task.rb:273
  [1m[35m (2.5ms)[0m  [1m[35mCOMMIT[0m
  ↳ /home/sduwal/.rvm/rubies/ruby-2.6.0/lib/ruby/gems/2.6.0/gems/rake-12.3.2/lib/rake/task.rb:273
Migrating to CreatePersonalprojects (20190507035511)
  [1m[35m (0.6ms)[0m  [1m[35mBEGIN[0m
  ↳ /home/sduwal/.rvm/rubies/ruby-2.6.0/lib/ruby/gems/2.6.0/gems/rake-12.3.2/lib/rake/task.rb:273
  [1m[35m (13.6ms)[0m  [1m[35mCREATE TABLE "personalprojects" ("id" bigserial primary key, "name" character varying, "link" character varying, "description" character varying, "user_id" bigint, "created_at" timestamp NOT NULL, "updated_at" timestamp NOT NULL, CONSTRAINT "fk_rails_c0833e9ce1"
FOREIGN KEY ("user_id")
  REFERENCES "users" ("id")
)[0m
  ↳ db/migrate/20190507035511_create_personalprojects.rb:3
  [1m[35m (4.7ms)[0m  [1m[35mCREATE  INDEX  "index_personalprojects_on_user_id" ON "personalprojects"  ("user_id")[0m
  ↳ db/migrate/20190507035511_create_personalprojects.rb:3
  [1m[36mActiveRecord::SchemaMigration Create (0.3ms)[0m  [1m[32mINSERT INTO "schema_migrations" ("version") VALUES ($1) RETURNING "version"[0m  [["version", "20190507035511"]]
  ↳ /home/sduwal/.rvm/rubies/ruby-2.6.0/lib/ruby/gems/2.6.0/gems/rake-12.3.2/lib/rake/task.rb:273
  [1m[35m (2.2ms)[0m  [1m[35mCOMMIT[0m
  ↳ /home/sduwal/.rvm/rubies/ruby-2.6.0/lib/ruby/gems/2.6.0/gems/rake-12.3.2/lib/rake/task.rb:273
Migrating to CreatePersonalawards (20190507035559)
  [1m[35m (0.2ms)[0m  [1m[35mBEGIN[0m
  ↳ /home/sduwal/.rvm/rubies/ruby-2.6.0/lib/ruby/gems/2.6.0/gems/rake-12.3.2/lib/rake/task.rb:273
  [1m[35m (7.5ms)[0m  [1m[35mCREATE TABLE "personalawards" ("id" bigserial primary key, "title" character varying, "issuer" character varying, "description" character varying, "from" date, "to" date, "user_id" bigint, "created_at" timestamp NOT NULL, "updated_at" timestamp NOT NULL, CONSTRAINT "fk_rails_7ac7ae1bac"
FOREIGN KEY ("user_id")
  REFERENCES "users" ("id")
)[0m
  ↳ db/migrate/20190507035559_create_personalawards.rb:3
  [1m[35m (3.2ms)[0m  [1m[35mCREATE  INDEX  "index_personalawards_on_user_id" ON "personalawards"  ("user_id")[0m
  ↳ db/migrate/20190507035559_create_personalawards.rb:3
  [1m[36mActiveRecord::SchemaMigration Create (0.5ms)[0m  [1m[32mINSERT INTO "schema_migrations" ("version") VALUES ($1) RETURNING "version"[0m  [["version", "20190507035559"]]
  ↳ /home/sduwal/.rvm/rubies/ruby-2.6.0/lib/ruby/gems/2.6.0/gems/rake-12.3.2/lib/rake/task.rb:273
  [1m[35m (1.5ms)[0m  [1m[35mCOMMIT[0m
  ↳ /home/sduwal/.rvm/rubies/ruby-2.6.0/lib/ruby/gems/2.6.0/gems/rake-12.3.2/lib/rake/task.rb:273
Migrating to CreateAddresses (20190507035745)
  [1m[35m (0.3ms)[0m  [1m[35mBEGIN[0m
  ↳ /home/sduwal/.rvm/rubies/ruby-2.6.0/lib/ruby/gems/2.6.0/gems/rake-12.3.2/lib/rake/task.rb:273
  [1m[35m (7.8ms)[0m  [1m[35mCREATE TABLE "addresses" ("id" bigserial primary key, "street" character varying, "street_2" character varying, "city" character varying, "state" character varying, "zipcode" decimal, "user_id" bigint, "created_at" timestamp NOT NULL, "updated_at" timestamp NOT NULL, CONSTRAINT "fk_rails_48c9e0c5a2"
FOREIGN KEY ("user_id")
  REFERENCES "users" ("id")
)[0m
  ↳ db/migrate/20190507035745_create_addresses.rb:3
  [1m[35m (3.7ms)[0m  [1m[35mCREATE  INDEX  "index_addresses_on_user_id" ON "addresses"  ("user_id")[0m
  ↳ db/migrate/20190507035745_create_addresses.rb:3
  [1m[36mActiveRecord::SchemaMigration Create (0.3ms)[0m  [1m[32mINSERT INTO "schema_migrations" ("version") VALUES ($1) RETURNING "version"[0m  [["version", "20190507035745"]]
  ↳ /home/sduwal/.rvm/rubies/ruby-2.6.0/lib/ruby/gems/2.6.0/gems/rake-12.3.2/lib/rake/task.rb:273
  [1m[35m (2.7ms)[0m  [1m[35mCOMMIT[0m
  ↳ /home/sduwal/.rvm/rubies/ruby-2.6.0/lib/ruby/gems/2.6.0/gems/rake-12.3.2/lib/rake/task.rb:273
Migrating to CreateEducations (20190507035823)
  [1m[35m (0.3ms)[0m  [1m[35mBEGIN[0m
  ↳ /home/sduwal/.rvm/rubies/ruby-2.6.0/lib/ruby/gems/2.6.0/gems/rake-12.3.2/lib/rake/task.rb:273
  [1m[35m (11.8ms)[0m  [1m[35mCREATE TABLE "educations" ("id" bigserial primary key, "school" character varying, "degree" character varying, "field" character varying, "from" date, "to" date, "user_id" bigint, "address_id" bigint, "created_at" timestamp NOT NULL, "updated_at" timestamp NOT NULL, CONSTRAINT "fk_rails_f18eeff57c"
FOREIGN KEY ("user_id")
  REFERENCES "users" ("id")
, CONSTRAINT "fk_rails_1ecf0bdc07"
FOREIGN KEY ("address_id")
  REFERENCES "addresses" ("id")
)[0m
  ↳ db/migrate/20190507035823_create_educations.rb:3
  [1m[35m (4.9ms)[0m  [1m[35mCREATE  INDEX  "index_educations_on_user_id" ON "educations"  ("user_id")[0m
  ↳ db/migrate/20190507035823_create_educations.rb:3
  [1m[35m (4.9ms)[0m  [1m[35mCREATE  INDEX  "index_educations_on_address_id" ON "educations"  ("address_id")[0m
  ↳ db/migrate/20190507035823_create_educations.rb:3
  [1m[36mActiveRecord::SchemaMigration Create (1.5ms)[0m  [1m[32mINSERT INTO "schema_migrations" ("version") VALUES ($1) RETURNING "version"[0m  [["version", "20190507035823"]]
  ↳ /home/sduwal/.rvm/rubies/ruby-2.6.0/lib/ruby/gems/2.6.0/gems/rake-12.3.2/lib/rake/task.rb:273
  [1m[35m (4.2ms)[0m  [1m[35mCOMMIT[0m
  ↳ /home/sduwal/.rvm/rubies/ruby-2.6.0/lib/ruby/gems/2.6.0/gems/rake-12.3.2/lib/rake/task.rb:273
Migrating to CreateExperiences (20190507035949)
  [1m[35m (0.6ms)[0m  [1m[35mBEGIN[0m
  ↳ /home/sduwal/.rvm/rubies/ruby-2.6.0/lib/ruby/gems/2.6.0/gems/rake-12.3.2/lib/rake/task.rb:273
  [1m[35m (18.5ms)[0m  [1m[35mCREATE TABLE "experiences" ("id" bigserial primary key, "title" character varying, "company" character varying, "address_id" bigint, "start" date, "end" date, "user_id" bigint, "description" character varying, "link" character varying, "created_at" timestamp NOT NULL, "updated_at" timestamp NOT NULL, CONSTRAINT "fk_rails_ad227eba55"
FOREIGN KEY ("address_id")
  REFERENCES "addresses" ("id")
, CONSTRAINT "fk_rails_2d0e25b521"
FOREIGN KEY ("user_id")
  REFERENCES "users" ("id")
)[0m
  ↳ db/migrate/20190507035949_create_experiences.rb:3
  [1m[35m (3.6ms)[0m  [1m[35mCREATE  INDEX  "index_experiences_on_address_id" ON "experiences"  ("address_id")[0m
  ↳ db/migrate/20190507035949_create_experiences.rb:3
  [1m[35m (4.6ms)[0m  [1m[35mCREATE  INDEX  "index_experiences_on_user_id" ON "experiences"  ("user_id")[0m
  ↳ db/migrate/20190507035949_create_experiences.rb:3
  [1m[36mActiveRecord::SchemaMigration Create (0.9ms)[0m  [1m[32mINSERT INTO "schema_migrations" ("version") VALUES ($1) RETURNING "version"[0m  [["version", "20190507035949"]]
  ↳ /home/sduwal/.rvm/rubies/ruby-2.6.0/lib/ruby/gems/2.6.0/gems/rake-12.3.2/lib/rake/task.rb:273
  [1m[35m (1.9ms)[0m  [1m[35mCOMMIT[0m
  ↳ /home/sduwal/.rvm/rubies/ruby-2.6.0/lib/ruby/gems/2.6.0/gems/rake-12.3.2/lib/rake/task.rb:273
  [1m[36mActiveRecord::InternalMetadata Load (1.4ms)[0m  [1m[34mSELECT  "ar_internal_metadata".* FROM "ar_internal_metadata" WHERE "ar_internal_metadata"."key" = $1 LIMIT $2[0m  [["key", "environment"], ["LIMIT", 1]]
  ↳ /home/sduwal/.rvm/rubies/ruby-2.6.0/lib/ruby/gems/2.6.0/gems/rake-12.3.2/lib/rake/task.rb:273
  [1m[35m (0.3ms)[0m  [1m[35mBEGIN[0m
  ↳ /home/sduwal/.rvm/rubies/ruby-2.6.0/lib/ruby/gems/2.6.0/gems/rake-12.3.2/lib/rake/task.rb:273
  [1m[36mActiveRecord::InternalMetadata Create (0.6ms)[0m  [1m[32mINSERT INTO "ar_internal_metadata" ("key", "value", "created_at", "updated_at") VALUES ($1, $2, $3, $4) RETURNING "key"[0m  [["key", "environment"], ["value", "development"], ["created_at", "2019-05-07 03:59:55.413671"], ["updated_at", "2019-05-07 03:59:55.413671"]]
  ↳ /home/sduwal/.rvm/rubies/ruby-2.6.0/lib/ruby/gems/2.6.0/gems/rake-12.3.2/lib/rake/task.rb:273
  [1m[35m (1.2ms)[0m  [1m[35mCOMMIT[0m
  ↳ /home/sduwal/.rvm/rubies/ruby-2.6.0/lib/ruby/gems/2.6.0/gems/rake-12.3.2/lib/rake/task.rb:273
  [1m[35m (0.7ms)[0m  [1m[34mSELECT pg_advisory_unlock(279088437195799245)[0m
  ↳ /home/sduwal/.rvm/rubies/ruby-2.6.0/lib/ruby/gems/2.6.0/gems/rake-12.3.2/lib/rake/task.rb:273
  [1m[35m (0.4ms)[0m  [1m[34mSELECT "schema_migrations"."version" FROM "schema_migrations" ORDER BY "schema_migrations"."version" ASC[0m
  ↳ /home/sduwal/.rvm/rubies/ruby-2.6.0/lib/ruby/gems/2.6.0/gems/rake-12.3.2/lib/rake/task.rb:273
Started GET "/" for ::1 at 2019-05-06 23:05:19 -0500
  [1m[35m (0.5ms)[0m  [1m[34mSELECT "schema_migrations"."version" FROM "schema_migrations" ORDER BY "schema_migrations"."version" ASC[0m
  ↳ /home/sduwal/.rvm/gems/ruby-2.6.0/gems/activerecord-5.2.3/lib/active_record/log_subscriber.rb:98
Processing by Rails::WelcomeController#index as HTML
  Rendering /home/sduwal/.rvm/gems/ruby-2.6.0/gems/railties-5.2.3/lib/rails/templates/rails/welcome/index.html.erb
  Rendered /home/sduwal/.rvm/gems/ruby-2.6.0/gems/railties-5.2.3/lib/rails/templates/rails/welcome/index.html.erb (1.6ms)
Completed 200 OK in 8ms (Views: 3.6ms | ActiveRecord: 0.0ms)


Started GET "/" for ::1 at 2019-05-06 23:05:58 -0500
  
ActionController::RoutingError (uninitialized constant UsersController):
  
bootsnap (1.4.4) lib/bootsnap/load_path_cache/core_ext/active_support.rb:79:in `block in load_missing_constant'
bootsnap (1.4.4) lib/bootsnap/load_path_cache/core_ext/active_support.rb:8:in `without_bootsnap_cache'
bootsnap (1.4.4) lib/bootsnap/load_path_cache/core_ext/active_support.rb:79:in `rescue in load_missing_constant'
bootsnap (1.4.4) lib/bootsnap/load_path_cache/core_ext/active_support.rb:58:in `load_missing_constant'
activesupport (5.2.3) lib/active_support/inflector/methods.rb:283:in `const_get'
activesupport (5.2.3) lib/active_support/inflector/methods.rb:283:in `block in constantize'
activesupport (5.2.3) lib/active_support/inflector/methods.rb:281:in `each'
activesupport (5.2.3) lib/active_support/inflector/methods.rb:281:in `inject'
activesupport (5.2.3) lib/active_support/inflector/methods.rb:281:in `constantize'
actionpack (5.2.3) lib/action_dispatch/http/request.rb:88:in `controller_class_for'
actionpack (5.2.3) lib/action_dispatch/http/request.rb:81:in `controller_class'
actionpack (5.2.3) lib/action_dispatch/routing/route_set.rb:46:in `controller'
actionpack (5.2.3) lib/action_dispatch/routing/route_set.rb:32:in `serve'
actionpack (5.2.3) lib/action_dispatch/journey/router.rb:52:in `block in serve'
actionpack (5.2.3) lib/action_dispatch/journey/router.rb:35:in `each'
actionpack (5.2.3) lib/action_dispatch/journey/router.rb:35:in `serve'
actionpack (5.2.3) lib/action_dispatch/routing/route_set.rb:840:in `call'
rack (2.0.7) lib/rack/tempfile_reaper.rb:15:in `call'
rack (2.0.7) lib/rack/etag.rb:25:in `call'
rack (2.0.7) lib/rack/conditional_get.rb:25:in `call'
rack (2.0.7) lib/rack/head.rb:12:in `call'
actionpack (5.2.3) lib/action_dispatch/http/content_security_policy.rb:18:in `call'
rack (2.0.7) lib/rack/session/abstract/id.rb:232:in `context'
rack (2.0.7) lib/rack/session/abstract/id.rb:226:in `call'
actionpack (5.2.3) lib/action_dispatch/middleware/cookies.rb:670:in `call'
activerecord (5.2.3) lib/active_record/migration.rb:559:in `call'
actionpack (5.2.3) lib/action_dispatch/middleware/callbacks.rb:28:in `block in call'
activesupport (5.2.3) lib/active_support/callbacks.rb:98:in `run_callbacks'
actionpack (5.2.3) lib/action_dispatch/middleware/callbacks.rb:26:in `call'
actionpack (5.2.3) lib/action_dispatch/middleware/executor.rb:14:in `call'
actionpack (5.2.3) lib/action_dispatch/middleware/debug_exceptions.rb:61:in `call'
web-console (3.7.0) lib/web_console/middleware.rb:135:in `call_app'
web-console (3.7.0) lib/web_console/middleware.rb:30:in `block in call'
web-console (3.7.0) lib/web_console/middleware.rb:20:in `catch'
web-console (3.7.0) lib/web_console/middleware.rb:20:in `call'
actionpack (5.2.3) lib/action_dispatch/middleware/show_exceptions.rb:33:in `call'
railties (5.2.3) lib/rails/rack/logger.rb:38:in `call_app'
railties (5.2.3) lib/rails/rack/logger.rb:26:in `block in call'
activesupport (5.2.3) lib/active_support/tagged_logging.rb:71:in `block in tagged'
activesupport (5.2.3) lib/active_support/tagged_logging.rb:28:in `tagged'
activesupport (5.2.3) lib/active_support/tagged_logging.rb:71:in `tagged'
railties (5.2.3) lib/rails/rack/logger.rb:26:in `call'
sprockets-rails (3.2.1) lib/sprockets/rails/quiet_assets.rb:13:in `call'
actionpack (5.2.3) lib/action_dispatch/middleware/remote_ip.rb:81:in `call'
actionpack (5.2.3) lib/action_dispatch/middleware/request_id.rb:27:in `call'
rack (2.0.7) lib/rack/method_override.rb:22:in `call'
rack (2.0.7) lib/rack/runtime.rb:22:in `call'
activesupport (5.2.3) lib/active_support/cache/strategy/local_cache_middleware.rb:29:in `call'
actionpack (5.2.3) lib/action_dispatch/middleware/executor.rb:14:in `call'
actionpack (5.2.3) lib/action_dispatch/middleware/static.rb:127:in `call'
rack (2.0.7) lib/rack/sendfile.rb:111:in `call'
railties (5.2.3) lib/rails/engine.rb:524:in `call'
puma (3.12.1) lib/puma/configuration.rb:227:in `call'
puma (3.12.1) lib/puma/server.rb:660:in `handle_request'
puma (3.12.1) lib/puma/server.rb:474:in `process_client'
puma (3.12.1) lib/puma/server.rb:334:in `block in run'
puma (3.12.1) lib/puma/thread_pool.rb:135:in `block in spawn_thread'
Started GET "/users" for ::1 at 2019-05-06 23:06:15 -0500
  
ActionController::RoutingError (uninitialized constant UsersController):
  
bootsnap (1.4.4) lib/bootsnap/load_path_cache/core_ext/active_support.rb:79:in `block in load_missing_constant'
bootsnap (1.4.4) lib/bootsnap/load_path_cache/core_ext/active_support.rb:8:in `without_bootsnap_cache'
bootsnap (1.4.4) lib/bootsnap/load_path_cache/core_ext/active_support.rb:79:in `rescue in load_missing_constant'
bootsnap (1.4.4) lib/bootsnap/load_path_cache/core_ext/active_support.rb:58:in `load_missing_constant'
activesupport (5.2.3) lib/active_support/inflector/methods.rb:283:in `const_get'
activesupport (5.2.3) lib/active_support/inflector/methods.rb:283:in `block in constantize'
activesupport (5.2.3) lib/active_support/inflector/methods.rb:281:in `each'
activesupport (5.2.3) lib/active_support/inflector/methods.rb:281:in `inject'
activesupport (5.2.3) lib/active_support/inflector/methods.rb:281:in `constantize'
actionpack (5.2.3) lib/action_dispatch/http/request.rb:88:in `controller_class_for'
actionpack (5.2.3) lib/action_dispatch/http/request.rb:81:in `controller_class'
actionpack (5.2.3) lib/action_dispatch/routing/route_set.rb:46:in `controller'
actionpack (5.2.3) lib/action_dispatch/routing/route_set.rb:32:in `serve'
actionpack (5.2.3) lib/action_dispatch/journey/router.rb:52:in `block in serve'
actionpack (5.2.3) lib/action_dispatch/journey/router.rb:35:in `each'
actionpack (5.2.3) lib/action_dispatch/journey/router.rb:35:in `serve'
actionpack (5.2.3) lib/action_dispatch/routing/route_set.rb:840:in `call'
rack (2.0.7) lib/rack/tempfile_reaper.rb:15:in `call'
rack (2.0.7) lib/rack/etag.rb:25:in `call'
rack (2.0.7) lib/rack/conditional_get.rb:25:in `call'
rack (2.0.7) lib/rack/head.rb:12:in `call'
actionpack (5.2.3) lib/action_dispatch/http/content_security_policy.rb:18:in `call'
rack (2.0.7) lib/rack/session/abstract/id.rb:232:in `context'
rack (2.0.7) lib/rack/session/abstract/id.rb:226:in `call'
actionpack (5.2.3) lib/action_dispatch/middleware/cookies.rb:670:in `call'
activerecord (5.2.3) lib/active_record/migration.rb:559:in `call'
actionpack (5.2.3) lib/action_dispatch/middleware/callbacks.rb:28:in `block in call'
activesupport (5.2.3) lib/active_support/callbacks.rb:98:in `run_callbacks'
actionpack (5.2.3) lib/action_dispatch/middleware/callbacks.rb:26:in `call'
actionpack (5.2.3) lib/action_dispatch/middleware/executor.rb:14:in `call'
actionpack (5.2.3) lib/action_dispatch/middleware/debug_exceptions.rb:61:in `call'
web-console (3.7.0) lib/web_console/middleware.rb:135:in `call_app'
web-console (3.7.0) lib/web_console/middleware.rb:30:in `block in call'
web-console (3.7.0) lib/web_console/middleware.rb:20:in `catch'
web-console (3.7.0) lib/web_console/middleware.rb:20:in `call'
actionpack (5.2.3) lib/action_dispatch/middleware/show_exceptions.rb:33:in `call'
railties (5.2.3) lib/rails/rack/logger.rb:38:in `call_app'
railties (5.2.3) lib/rails/rack/logger.rb:26:in `block in call'
activesupport (5.2.3) lib/active_support/tagged_logging.rb:71:in `block in tagged'
activesupport (5.2.3) lib/active_support/tagged_logging.rb:28:in `tagged'
activesupport (5.2.3) lib/active_support/tagged_logging.rb:71:in `tagged'
railties (5.2.3) lib/rails/rack/logger.rb:26:in `call'
sprockets-rails (3.2.1) lib/sprockets/rails/quiet_assets.rb:13:in `call'
actionpack (5.2.3) lib/action_dispatch/middleware/remote_ip.rb:81:in `call'
actionpack (5.2.3) lib/action_dispatch/middleware/request_id.rb:27:in `call'
rack (2.0.7) lib/rack/method_override.rb:22:in `call'
rack (2.0.7) lib/rack/runtime.rb:22:in `call'
activesupport (5.2.3) lib/active_support/cache/strategy/local_cache_middleware.rb:29:in `call'
actionpack (5.2.3) lib/action_dispatch/middleware/executor.rb:14:in `call'
actionpack (5.2.3) lib/action_dispatch/middleware/static.rb:127:in `call'
rack (2.0.7) lib/rack/sendfile.rb:111:in `call'
railties (5.2.3) lib/rails/engine.rb:524:in `call'
puma (3.12.1) lib/puma/configuration.rb:227:in `call'
puma (3.12.1) lib/puma/server.rb:660:in `handle_request'
puma (3.12.1) lib/puma/server.rb:474:in `process_client'
puma (3.12.1) lib/puma/server.rb:334:in `block in run'
puma (3.12.1) lib/puma/thread_pool.rb:135:in `block in spawn_thread'
  [1m[35m (0.4ms)[0m  [1m[35mBEGIN[0m
  [1m[36mUser Create (6.4ms)[0m  [1m[32mINSERT INTO "users" ("name", "dob", "description", "occupation", "created_at", "updated_at") VALUES ($1, $2, $3, $4, $5, $6) RETURNING "id"[0m  [["name", "Saroj Duwal"], ["dob", "1995-09-18"], ["description", "A graduating undergraduate senior student at the University of New Orleans with interest in Software Development"], ["occupation", "Student"], ["created_at", "2019-05-07 04:07:40.823957"], ["updated_at", "2019-05-07 04:07:40.823957"]]
  [1m[35m (4.6ms)[0m  [1m[35mCOMMIT[0m
Started GET "/users" for ::1 at 2019-05-06 23:07:44 -0500
  
ActionController::RoutingError (uninitialized constant UsersController):
  
bootsnap (1.4.4) lib/bootsnap/load_path_cache/core_ext/active_support.rb:79:in `block in load_missing_constant'
bootsnap (1.4.4) lib/bootsnap/load_path_cache/core_ext/active_support.rb:8:in `without_bootsnap_cache'
bootsnap (1.4.4) lib/bootsnap/load_path_cache/core_ext/active_support.rb:79:in `rescue in load_missing_constant'
bootsnap (1.4.4) lib/bootsnap/load_path_cache/core_ext/active_support.rb:58:in `load_missing_constant'
activesupport (5.2.3) lib/active_support/inflector/methods.rb:283:in `const_get'
activesupport (5.2.3) lib/active_support/inflector/methods.rb:283:in `block in constantize'
activesupport (5.2.3) lib/active_support/inflector/methods.rb:281:in `each'
activesupport (5.2.3) lib/active_support/inflector/methods.rb:281:in `inject'
activesupport (5.2.3) lib/active_support/inflector/methods.rb:281:in `constantize'
actionpack (5.2.3) lib/action_dispatch/http/request.rb:88:in `controller_class_for'
actionpack (5.2.3) lib/action_dispatch/http/request.rb:81:in `controller_class'
actionpack (5.2.3) lib/action_dispatch/routing/route_set.rb:46:in `controller'
actionpack (5.2.3) lib/action_dispatch/routing/route_set.rb:32:in `serve'
actionpack (5.2.3) lib/action_dispatch/journey/router.rb:52:in `block in serve'
actionpack (5.2.3) lib/action_dispatch/journey/router.rb:35:in `each'
actionpack (5.2.3) lib/action_dispatch/journey/router.rb:35:in `serve'
actionpack (5.2.3) lib/action_dispatch/routing/route_set.rb:840:in `call'
rack (2.0.7) lib/rack/tempfile_reaper.rb:15:in `call'
rack (2.0.7) lib/rack/etag.rb:25:in `call'
rack (2.0.7) lib/rack/conditional_get.rb:25:in `call'
rack (2.0.7) lib/rack/head.rb:12:in `call'
actionpack (5.2.3) lib/action_dispatch/http/content_security_policy.rb:18:in `call'
rack (2.0.7) lib/rack/session/abstract/id.rb:232:in `context'
rack (2.0.7) lib/rack/session/abstract/id.rb:226:in `call'
actionpack (5.2.3) lib/action_dispatch/middleware/cookies.rb:670:in `call'
activerecord (5.2.3) lib/active_record/migration.rb:559:in `call'
actionpack (5.2.3) lib/action_dispatch/middleware/callbacks.rb:28:in `block in call'
activesupport (5.2.3) lib/active_support/callbacks.rb:98:in `run_callbacks'
actionpack (5.2.3) lib/action_dispatch/middleware/callbacks.rb:26:in `call'
actionpack (5.2.3) lib/action_dispatch/middleware/executor.rb:14:in `call'
actionpack (5.2.3) lib/action_dispatch/middleware/debug_exceptions.rb:61:in `call'
web-console (3.7.0) lib/web_console/middleware.rb:135:in `call_app'
web-console (3.7.0) lib/web_console/middleware.rb:30:in `block in call'
web-console (3.7.0) lib/web_console/middleware.rb:20:in `catch'
web-console (3.7.0) lib/web_console/middleware.rb:20:in `call'
actionpack (5.2.3) lib/action_dispatch/middleware/show_exceptions.rb:33:in `call'
railties (5.2.3) lib/rails/rack/logger.rb:38:in `call_app'
railties (5.2.3) lib/rails/rack/logger.rb:26:in `block in call'
activesupport (5.2.3) lib/active_support/tagged_logging.rb:71:in `block in tagged'
activesupport (5.2.3) lib/active_support/tagged_logging.rb:28:in `tagged'
activesupport (5.2.3) lib/active_support/tagged_logging.rb:71:in `tagged'
railties (5.2.3) lib/rails/rack/logger.rb:26:in `call'
sprockets-rails (3.2.1) lib/sprockets/rails/quiet_assets.rb:13:in `call'
actionpack (5.2.3) lib/action_dispatch/middleware/remote_ip.rb:81:in `call'
actionpack (5.2.3) lib/action_dispatch/middleware/request_id.rb:27:in `call'
rack (2.0.7) lib/rack/method_override.rb:22:in `call'
rack (2.0.7) lib/rack/runtime.rb:22:in `call'
activesupport (5.2.3) lib/active_support/cache/strategy/local_cache_middleware.rb:29:in `call'
actionpack (5.2.3) lib/action_dispatch/middleware/executor.rb:14:in `call'
actionpack (5.2.3) lib/action_dispatch/middleware/static.rb:127:in `call'
rack (2.0.7) lib/rack/sendfile.rb:111:in `call'
railties (5.2.3) lib/rails/engine.rb:524:in `call'
puma (3.12.1) lib/puma/configuration.rb:227:in `call'
puma (3.12.1) lib/puma/server.rb:660:in `handle_request'
puma (3.12.1) lib/puma/server.rb:474:in `process_client'
puma (3.12.1) lib/puma/server.rb:334:in `block in run'
puma (3.12.1) lib/puma/thread_pool.rb:135:in `block in spawn_thread'
Started GET "/users" for ::1 at 2019-05-06 23:09:14 -0500
  
ActionController::RoutingError (No route matches [GET] "/users"):
  
actionpack (5.2.3) lib/action_dispatch/middleware/debug_exceptions.rb:65:in `call'
web-console (3.7.0) lib/web_console/middleware.rb:135:in `call_app'
web-console (3.7.0) lib/web_console/middleware.rb:30:in `block in call'
web-console (3.7.0) lib/web_console/middleware.rb:20:in `catch'
web-console (3.7.0) lib/web_console/middleware.rb:20:in `call'
actionpack (5.2.3) lib/action_dispatch/middleware/show_exceptions.rb:33:in `call'
railties (5.2.3) lib/rails/rack/logger.rb:38:in `call_app'
railties (5.2.3) lib/rails/rack/logger.rb:26:in `block in call'
activesupport (5.2.3) lib/active_support/tagged_logging.rb:71:in `block in tagged'
activesupport (5.2.3) lib/active_support/tagged_logging.rb:28:in `tagged'
activesupport (5.2.3) lib/active_support/tagged_logging.rb:71:in `tagged'
railties (5.2.3) lib/rails/rack/logger.rb:26:in `call'
sprockets-rails (3.2.1) lib/sprockets/rails/quiet_assets.rb:13:in `call'
actionpack (5.2.3) lib/action_dispatch/middleware/remote_ip.rb:81:in `call'
actionpack (5.2.3) lib/action_dispatch/middleware/request_id.rb:27:in `call'
rack (2.0.7) lib/rack/method_override.rb:22:in `call'
rack (2.0.7) lib/rack/runtime.rb:22:in `call'
activesupport (5.2.3) lib/active_support/cache/strategy/local_cache_middleware.rb:29:in `call'
actionpack (5.2.3) lib/action_dispatch/middleware/executor.rb:14:in `call'
actionpack (5.2.3) lib/action_dispatch/middleware/static.rb:127:in `call'
rack (2.0.7) lib/rack/sendfile.rb:111:in `call'
railties (5.2.3) lib/rails/engine.rb:524:in `call'
puma (3.12.1) lib/puma/configuration.rb:227:in `call'
puma (3.12.1) lib/puma/server.rb:660:in `handle_request'
puma (3.12.1) lib/puma/server.rb:474:in `process_client'
puma (3.12.1) lib/puma/server.rb:334:in `block in run'
puma (3.12.1) lib/puma/thread_pool.rb:135:in `block in spawn_thread'
Started GET "/users" for ::1 at 2019-05-06 23:09:27 -0500
Processing by UserControllerController#index as HTML
  [1m[36mUser Load (0.3ms)[0m  [1m[34mSELECT  "users".* FROM "users" ORDER BY "users"."id" ASC LIMIT $1[0m  [["LIMIT", 1]]
  ↳ app/controllers/user_controller_controller.rb:3
  [1m[36mCACHE User Load (0.0ms)[0m  [1m[34mSELECT  "users".* FROM "users" ORDER BY "users"."id" ASC LIMIT $1[0m  [["LIMIT", 1]]
  ↳ app/controllers/user_controller_controller.rb:4
Completed 500 Internal Server Error in 35ms (ActiveRecord: 5.2ms)


  
NoMethodError (undefined method `experience' for #<User:0x00007f945c828d20>):
  
app/controllers/user_controller_controller.rb:4:in `index'
Started GET "/users" for ::1 at 2019-05-06 23:09:32 -0500
Processing by UserControllerController#index as HTML
  [1m[36mUser Load (0.4ms)[0m  [1m[34mSELECT  "users".* FROM "users" ORDER BY "users"."id" ASC LIMIT $1[0m  [["LIMIT", 1]]
  ↳ app/controllers/user_controller_controller.rb:3
  [1m[36mCACHE User Load (0.0ms)[0m  [1m[34mSELECT  "users".* FROM "users" ORDER BY "users"."id" ASC LIMIT $1[0m  [["LIMIT", 1]]
  ↳ app/controllers/user_controller_controller.rb:4
Completed 500 Internal Server Error in 10ms (ActiveRecord: 0.4ms)


  
NoMethodError (undefined method `experience' for #<User:0x000055c36dbe8f58>):
  
app/controllers/user_controller_controller.rb:4:in `index'
Started GET "/users" for ::1 at 2019-05-06 23:09:38 -0500
  
ActionController::RoutingError (No route matches [GET] "/users"):
  
actionpack (5.2.3) lib/action_dispatch/middleware/debug_exceptions.rb:65:in `call'
web-console (3.7.0) lib/web_console/middleware.rb:135:in `call_app'
web-console (3.7.0) lib/web_console/middleware.rb:30:in `block in call'
web-console (3.7.0) lib/web_console/middleware.rb:20:in `catch'
web-console (3.7.0) lib/web_console/middleware.rb:20:in `call'
actionpack (5.2.3) lib/action_dispatch/middleware/show_exceptions.rb:33:in `call'
railties (5.2.3) lib/rails/rack/logger.rb:38:in `call_app'
railties (5.2.3) lib/rails/rack/logger.rb:26:in `block in call'
activesupport (5.2.3) lib/active_support/tagged_logging.rb:71:in `block in tagged'
activesupport (5.2.3) lib/active_support/tagged_logging.rb:28:in `tagged'
activesupport (5.2.3) lib/active_support/tagged_logging.rb:71:in `tagged'
railties (5.2.3) lib/rails/rack/logger.rb:26:in `call'
sprockets-rails (3.2.1) lib/sprockets/rails/quiet_assets.rb:13:in `call'
actionpack (5.2.3) lib/action_dispatch/middleware/remote_ip.rb:81:in `call'
actionpack (5.2.3) lib/action_dispatch/middleware/request_id.rb:27:in `call'
rack (2.0.7) lib/rack/method_override.rb:22:in `call'
rack (2.0.7) lib/rack/runtime.rb:22:in `call'
activesupport (5.2.3) lib/active_support/cache/strategy/local_cache_middleware.rb:29:in `call'
actionpack (5.2.3) lib/action_dispatch/middleware/executor.rb:14:in `call'
actionpack (5.2.3) lib/action_dispatch/middleware/static.rb:127:in `call'
rack (2.0.7) lib/rack/sendfile.rb:111:in `call'
railties (5.2.3) lib/rails/engine.rb:524:in `call'
puma (3.12.1) lib/puma/configuration.rb:227:in `call'
puma (3.12.1) lib/puma/server.rb:660:in `handle_request'
puma (3.12.1) lib/puma/server.rb:474:in `process_client'
puma (3.12.1) lib/puma/server.rb:334:in `block in run'
puma (3.12.1) lib/puma/thread_pool.rb:135:in `block in spawn_thread'
Started GET "/" for ::1 at 2019-05-06 23:09:42 -0500
  
ActionController::RoutingError (uninitialized constant UserContollerController):
  
bootsnap (1.4.4) lib/bootsnap/load_path_cache/core_ext/active_support.rb:79:in `block in load_missing_constant'
bootsnap (1.4.4) lib/bootsnap/load_path_cache/core_ext/active_support.rb:8:in `without_bootsnap_cache'
bootsnap (1.4.4) lib/bootsnap/load_path_cache/core_ext/active_support.rb:79:in `rescue in load_missing_constant'
bootsnap (1.4.4) lib/bootsnap/load_path_cache/core_ext/active_support.rb:58:in `load_missing_constant'
activesupport (5.2.3) lib/active_support/inflector/methods.rb:283:in `const_get'
activesupport (5.2.3) lib/active_support/inflector/methods.rb:283:in `block in constantize'
activesupport (5.2.3) lib/active_support/inflector/methods.rb:281:in `each'
activesupport (5.2.3) lib/active_support/inflector/methods.rb:281:in `inject'
activesupport (5.2.3) lib/active_support/inflector/methods.rb:281:in `constantize'
actionpack (5.2.3) lib/action_dispatch/http/request.rb:88:in `controller_class_for'
actionpack (5.2.3) lib/action_dispatch/http/request.rb:81:in `controller_class'
actionpack (5.2.3) lib/action_dispatch/routing/route_set.rb:46:in `controller'
actionpack (5.2.3) lib/action_dispatch/routing/route_set.rb:32:in `serve'
actionpack (5.2.3) lib/action_dispatch/journey/router.rb:52:in `block in serve'
actionpack (5.2.3) lib/action_dispatch/journey/router.rb:35:in `each'
actionpack (5.2.3) lib/action_dispatch/journey/router.rb:35:in `serve'
actionpack (5.2.3) lib/action_dispatch/routing/route_set.rb:840:in `call'
rack (2.0.7) lib/rack/tempfile_reaper.rb:15:in `call'
rack (2.0.7) lib/rack/etag.rb:25:in `call'
rack (2.0.7) lib/rack/conditional_get.rb:25:in `call'
rack (2.0.7) lib/rack/head.rb:12:in `call'
actionpack (5.2.3) lib/action_dispatch/http/content_security_policy.rb:18:in `call'
rack (2.0.7) lib/rack/session/abstract/id.rb:232:in `context'
rack (2.0.7) lib/rack/session/abstract/id.rb:226:in `call'
actionpack (5.2.3) lib/action_dispatch/middleware/cookies.rb:670:in `call'
activerecord (5.2.3) lib/active_record/migration.rb:559:in `call'
actionpack (5.2.3) lib/action_dispatch/middleware/callbacks.rb:28:in `block in call'
activesupport (5.2.3) lib/active_support/callbacks.rb:98:in `run_callbacks'
actionpack (5.2.3) lib/action_dispatch/middleware/callbacks.rb:26:in `call'
actionpack (5.2.3) lib/action_dispatch/middleware/executor.rb:14:in `call'
actionpack (5.2.3) lib/action_dispatch/middleware/debug_exceptions.rb:61:in `call'
web-console (3.7.0) lib/web_console/middleware.rb:135:in `call_app'
web-console (3.7.0) lib/web_console/middleware.rb:30:in `block in call'
web-console (3.7.0) lib/web_console/middleware.rb:20:in `catch'
web-console (3.7.0) lib/web_console/middleware.rb:20:in `call'
actionpack (5.2.3) lib/action_dispatch/middleware/show_exceptions.rb:33:in `call'
railties (5.2.3) lib/rails/rack/logger.rb:38:in `call_app'
railties (5.2.3) lib/rails/rack/logger.rb:26:in `block in call'
activesupport (5.2.3) lib/active_support/tagged_logging.rb:71:in `block in tagged'
activesupport (5.2.3) lib/active_support/tagged_logging.rb:28:in `tagged'
activesupport (5.2.3) lib/active_support/tagged_logging.rb:71:in `tagged'
railties (5.2.3) lib/rails/rack/logger.rb:26:in `call'
sprockets-rails (3.2.1) lib/sprockets/rails/quiet_assets.rb:13:in `call'
actionpack (5.2.3) lib/action_dispatch/middleware/remote_ip.rb:81:in `call'
actionpack (5.2.3) lib/action_dispatch/middleware/request_id.rb:27:in `call'
rack (2.0.7) lib/rack/method_override.rb:22:in `call'
rack (2.0.7) lib/rack/runtime.rb:22:in `call'
activesupport (5.2.3) lib/active_support/cache/strategy/local_cache_middleware.rb:29:in `call'
actionpack (5.2.3) lib/action_dispatch/middleware/executor.rb:14:in `call'
actionpack (5.2.3) lib/action_dispatch/middleware/static.rb:127:in `call'
rack (2.0.7) lib/rack/sendfile.rb:111:in `call'
railties (5.2.3) lib/rails/engine.rb:524:in `call'
puma (3.12.1) lib/puma/configuration.rb:227:in `call'
puma (3.12.1) lib/puma/server.rb:660:in `handle_request'
puma (3.12.1) lib/puma/server.rb:474:in `process_client'
puma (3.12.1) lib/puma/server.rb:334:in `block in run'
puma (3.12.1) lib/puma/thread_pool.rb:135:in `block in spawn_thread'
Started GET "/" for ::1 at 2019-05-06 23:09:51 -0500
Processing by UserControllerController#index as HTML
  [1m[36mUser Load (0.5ms)[0m  [1m[34mSELECT  "users".* FROM "users" ORDER BY "users"."id" ASC LIMIT $1[0m  [["LIMIT", 1]]
  ↳ app/controllers/user_controller_controller.rb:3
  [1m[36mCACHE User Load (0.0ms)[0m  [1m[34mSELECT  "users".* FROM "users" ORDER BY "users"."id" ASC LIMIT $1[0m  [["LIMIT", 1]]
  ↳ app/controllers/user_controller_controller.rb:4
Completed 500 Internal Server Error in 76ms (ActiveRecord: 7.5ms)


  
NoMethodError (undefined method `experience' for #<User:0x000055c36dee87a8>):
  
app/controllers/user_controller_controller.rb:4:in `index'
  [1m[36mUser Load (0.6ms)[0m  [1m[34mSELECT "users".* FROM "users"[0m
  [1m[36mUser Load (0.6ms)[0m  [1m[34mSELECT  "users".* FROM "users" ORDER BY "users"."id" ASC LIMIT $1[0m  [["LIMIT", 1]]
  [1m[35m (0.4ms)[0m  [1m[35mBEGIN[0m
  [1m[35m (0.4ms)[0m  [1m[31mROLLBACK[0m
  [1m[36mUser Load (0.7ms)[0m  [1m[34mSELECT  "users".* FROM "users" ORDER BY "users"."id" ASC LIMIT $1[0m  [["LIMIT", 1]]
  [1m[35m (0.4ms)[0m  [1m[35mBEGIN[0m
  [1m[35m (0.4ms)[0m  [1m[31mROLLBACK[0m
  [1m[35m (0.3ms)[0m  [1m[34mSELECT pg_try_advisory_lock(279088437195799245)[0m
  ↳ /home/sduwal/.rvm/rubies/ruby-2.6.0/lib/ruby/gems/2.6.0/gems/rake-12.3.2/lib/rake/task.rb:273
  [1m[35m (0.5ms)[0m  [1m[34mSELECT "schema_migrations"."version" FROM "schema_migrations" ORDER BY "schema_migrations"."version" ASC[0m
  ↳ /home/sduwal/.rvm/rubies/ruby-2.6.0/lib/ruby/gems/2.6.0/gems/rake-12.3.2/lib/rake/task.rb:273
Migrating to ChangeColumnZipcodeInAddress (20190507041940)
  [1m[35m (0.3ms)[0m  [1m[35mBEGIN[0m
  ↳ /home/sduwal/.rvm/rubies/ruby-2.6.0/lib/ruby/gems/2.6.0/gems/rake-12.3.2/lib/rake/task.rb:273
  [1m[35m (0.7ms)[0m  [1m[35mALTER TABLE "address" ALTER COLUMN "zipcode" TYPE Integer[0m
  ↳ db/migrate/20190507041940_change_column_zipcode_in_address.rb:3
  [1m[35m (0.1ms)[0m  [1m[31mROLLBACK[0m
  ↳ /home/sduwal/.rvm/rubies/ruby-2.6.0/lib/ruby/gems/2.6.0/gems/rake-12.3.2/lib/rake/task.rb:273
  [1m[35m (0.3ms)[0m  [1m[34mSELECT pg_advisory_unlock(279088437195799245)[0m
  ↳ /home/sduwal/.rvm/rubies/ruby-2.6.0/lib/ruby/gems/2.6.0/gems/rake-12.3.2/lib/rake/task.rb:273
  [1m[35m (0.2ms)[0m  [1m[34mSELECT pg_try_advisory_lock(279088437195799245)[0m
  ↳ /home/sduwal/.rvm/rubies/ruby-2.6.0/lib/ruby/gems/2.6.0/gems/rake-12.3.2/lib/rake/task.rb:273
  [1m[35m (0.4ms)[0m  [1m[34mSELECT "schema_migrations"."version" FROM "schema_migrations" ORDER BY "schema_migrations"."version" ASC[0m
  ↳ /home/sduwal/.rvm/rubies/ruby-2.6.0/lib/ruby/gems/2.6.0/gems/rake-12.3.2/lib/rake/task.rb:273
Migrating to ChangeColumnZipcodeInAddress (20190507041940)
  [1m[35m (0.2ms)[0m  [1m[35mBEGIN[0m
  ↳ /home/sduwal/.rvm/rubies/ruby-2.6.0/lib/ruby/gems/2.6.0/gems/rake-12.3.2/lib/rake/task.rb:273
  [1m[35m (0.4ms)[0m  [1m[35mALTER TABLE "address" ALTER COLUMN "zipcode" TYPE Integer[0m
  ↳ db/migrate/20190507041940_change_column_zipcode_in_address.rb:3
  [1m[35m (0.1ms)[0m  [1m[31mROLLBACK[0m
  ↳ /home/sduwal/.rvm/rubies/ruby-2.6.0/lib/ruby/gems/2.6.0/gems/rake-12.3.2/lib/rake/task.rb:273
  [1m[35m (0.3ms)[0m  [1m[34mSELECT pg_advisory_unlock(279088437195799245)[0m
  ↳ /home/sduwal/.rvm/rubies/ruby-2.6.0/lib/ruby/gems/2.6.0/gems/rake-12.3.2/lib/rake/task.rb:273
  [1m[35m (0.2ms)[0m  [1m[34mSELECT pg_try_advisory_lock(279088437195799245)[0m
  ↳ /home/sduwal/.rvm/rubies/ruby-2.6.0/lib/ruby/gems/2.6.0/gems/rake-12.3.2/lib/rake/task.rb:273
  [1m[35m (0.5ms)[0m  [1m[34mSELECT "schema_migrations"."version" FROM "schema_migrations" ORDER BY "schema_migrations"."version" ASC[0m
  ↳ /home/sduwal/.rvm/rubies/ruby-2.6.0/lib/ruby/gems/2.6.0/gems/rake-12.3.2/lib/rake/task.rb:273
Migrating to ChangeColumnZipcodeInAddress (20190507041940)
  [1m[35m (0.1ms)[0m  [1m[35mBEGIN[0m
  ↳ /home/sduwal/.rvm/rubies/ruby-2.6.0/lib/ruby/gems/2.6.0/gems/rake-12.3.2/lib/rake/task.rb:273
  [1m[35m (0.4ms)[0m  [1m[35mALTER TABLE "address" ALTER COLUMN "zipcode" TYPE Integer[0m
  ↳ db/migrate/20190507041940_change_column_zipcode_in_address.rb:3
  [1m[35m (0.1ms)[0m  [1m[31mROLLBACK[0m
  ↳ /home/sduwal/.rvm/rubies/ruby-2.6.0/lib/ruby/gems/2.6.0/gems/rake-12.3.2/lib/rake/task.rb:273
  [1m[35m (0.2ms)[0m  [1m[34mSELECT pg_advisory_unlock(279088437195799245)[0m
  ↳ /home/sduwal/.rvm/rubies/ruby-2.6.0/lib/ruby/gems/2.6.0/gems/rake-12.3.2/lib/rake/task.rb:273
  [1m[35m (0.2ms)[0m  [1m[34mSELECT pg_try_advisory_lock(279088437195799245)[0m
  ↳ /home/sduwal/.rvm/rubies/ruby-2.6.0/lib/ruby/gems/2.6.0/gems/rake-12.3.2/lib/rake/task.rb:273
  [1m[35m (0.5ms)[0m  [1m[34mSELECT "schema_migrations"."version" FROM "schema_migrations" ORDER BY "schema_migrations"."version" ASC[0m
  ↳ /home/sduwal/.rvm/rubies/ruby-2.6.0/lib/ruby/gems/2.6.0/gems/rake-12.3.2/lib/rake/task.rb:273
Migrating to ChangeColumnZipcodeInAddress (20190507041940)
  [1m[35m (0.2ms)[0m  [1m[35mBEGIN[0m
  ↳ /home/sduwal/.rvm/rubies/ruby-2.6.0/lib/ruby/gems/2.6.0/gems/rake-12.3.2/lib/rake/task.rb:273
  [1m[35m (15.7ms)[0m  [1m[35mALTER TABLE "addresses" ALTER COLUMN "zipcode" TYPE Integer[0m
  ↳ db/migrate/20190507041940_change_column_zipcode_in_address.rb:3
  [1m[36mActiveRecord::SchemaMigration Create (0.5ms)[0m  [1m[32mINSERT INTO "schema_migrations" ("version") VALUES ($1) RETURNING "version"[0m  [["version", "20190507041940"]]
  ↳ /home/sduwal/.rvm/rubies/ruby-2.6.0/lib/ruby/gems/2.6.0/gems/rake-12.3.2/lib/rake/task.rb:273
  [1m[35m (2.6ms)[0m  [1m[35mCOMMIT[0m
  ↳ /home/sduwal/.rvm/rubies/ruby-2.6.0/lib/ruby/gems/2.6.0/gems/rake-12.3.2/lib/rake/task.rb:273
  [1m[36mActiveRecord::InternalMetadata Load (0.5ms)[0m  [1m[34mSELECT  "ar_internal_metadata".* FROM "ar_internal_metadata" WHERE "ar_internal_metadata"."key" = $1 LIMIT $2[0m  [["key", "environment"], ["LIMIT", 1]]
  ↳ /home/sduwal/.rvm/rubies/ruby-2.6.0/lib/ruby/gems/2.6.0/gems/rake-12.3.2/lib/rake/task.rb:273
  [1m[35m (0.2ms)[0m  [1m[35mBEGIN[0m
  ↳ /home/sduwal/.rvm/rubies/ruby-2.6.0/lib/ruby/gems/2.6.0/gems/rake-12.3.2/lib/rake/task.rb:273
  [1m[35m (0.5ms)[0m  [1m[35mCOMMIT[0m
  ↳ /home/sduwal/.rvm/rubies/ruby-2.6.0/lib/ruby/gems/2.6.0/gems/rake-12.3.2/lib/rake/task.rb:273
  [1m[35m (0.5ms)[0m  [1m[34mSELECT pg_advisory_unlock(279088437195799245)[0m
  ↳ /home/sduwal/.rvm/rubies/ruby-2.6.0/lib/ruby/gems/2.6.0/gems/rake-12.3.2/lib/rake/task.rb:273
  [1m[35m (0.4ms)[0m  [1m[34mSELECT "schema_migrations"."version" FROM "schema_migrations" ORDER BY "schema_migrations"."version" ASC[0m
  ↳ /home/sduwal/.rvm/rubies/ruby-2.6.0/lib/ruby/gems/2.6.0/gems/rake-12.3.2/lib/rake/task.rb:273
  [1m[36mAddress Load (0.7ms)[0m  [1m[34mSELECT "addresses".* FROM "addresses"[0m
  [1m[36mUser Load (3.2ms)[0m  [1m[34mSELECT  "users".* FROM "users" ORDER BY "users"."id" ASC LIMIT $1[0m  [["LIMIT", 1]]
  [1m[35m (0.5ms)[0m  [1m[35mBEGIN[0m
  [1m[36mAddress Create (2.2ms)[0m  [1m[32mINSERT INTO "addresses" ("street", "city", "state", "zipcode", "user_id", "created_at", "updated_at") VALUES ($1, $2, $3, $4, $5, $6, $7) RETURNING "id"[0m  [["street", "2000 Lakeshore Dr."], ["city", "New Orleans"], ["state", "LA"], ["zipcode", 70148], ["user_id", 1], ["created_at", "2019-05-07 04:25:18.934745"], ["updated_at", "2019-05-07 04:25:18.934745"]]
  [1m[35m (7.4ms)[0m  [1m[35mCOMMIT[0m
  [1m[36mUser Load (0.7ms)[0m  [1m[34mSELECT  "users".* FROM "users" ORDER BY "users"."id" ASC LIMIT $1[0m  [["LIMIT", 1]]
  [1m[36mAddress Load (0.5ms)[0m  [1m[34mSELECT  "addresses".* FROM "addresses" ORDER BY "addresses"."id" ASC LIMIT $1[0m  [["LIMIT", 1]]
  [1m[35m (0.3ms)[0m  [1m[35mBEGIN[0m
  [1m[36mEducation Create (2.2ms)[0m  [1m[32mINSERT INTO "educations" ("school", "degree", "field", "from", "to", "user_id", "address_id", "created_at", "updated_at") VALUES ($1, $2, $3, $4, $5, $6, $7, $8, $9) RETURNING "id"[0m  [["school", "University of New Orleans"], ["degree", "Bachelor's Degree"], ["field", "Computer Science with minor in Mathematics"], ["from", "2015-08-17"], ["to", "2019-05-17"], ["user_id", 1], ["address_id", 1], ["created_at", "2019-05-07 04:26:56.832600"], ["updated_at", "2019-05-07 04:26:56.832600"]]
  [1m[35m (9.7ms)[0m  [1m[35mCOMMIT[0m
  [1m[36mAddress Load (0.8ms)[0m  [1m[34mSELECT  "addresses".* FROM "addresses" ORDER BY "addresses"."id" ASC LIMIT $1[0m  [["LIMIT", 1]]
  [1m[36mUser Load (0.3ms)[0m  [1m[34mSELECT  "users".* FROM "users" ORDER BY "users"."id" ASC LIMIT $1[0m  [["LIMIT", 1]]
  [1m[35m (0.1ms)[0m  [1m[35mBEGIN[0m
  [1m[35m (0.1ms)[0m  [1m[31mROLLBACK[0m
  [1m[35m (0.3ms)[0m  [1m[35mBEGIN[0m
  [1m[35m (0.4ms)[0m  [1m[31mROLLBACK[0m
  [1m[35m (0.3ms)[0m  [1m[35mBEGIN[0m
  [1m[35m (0.4ms)[0m  [1m[31mROLLBACK[0m
  [1m[35m (0.3ms)[0m  [1m[35mBEGIN[0m
  [1m[35m (0.6ms)[0m  [1m[31mROLLBACK[0m
  [1m[35m (0.3ms)[0m  [1m[35mBEGIN[0m
  [1m[35m (0.4ms)[0m  [1m[31mROLLBACK[0m
  [1m[35m (0.1ms)[0m  [1m[35mBEGIN[0m
  [1m[35m (0.1ms)[0m  [1m[31mROLLBACK[0m
  [1m[35m (0.4ms)[0m  [1m[35mBEGIN[0m
  [1m[35m (0.6ms)[0m  [1m[31mROLLBACK[0m
  [1m[36mAddress Load (1.2ms)[0m  [1m[34mSELECT  "addresses".* FROM "addresses" ORDER BY "addresses"."id" ASC LIMIT $1[0m  [["LIMIT", 1]]
  [1m[36mUser Load (0.9ms)[0m  [1m[34mSELECT  "users".* FROM "users" ORDER BY "users"."id" ASC LIMIT $1[0m  [["LIMIT", 1]]
  [1m[35m (0.4ms)[0m  [1m[35mBEGIN[0m
  [1m[35m (0.4ms)[0m  [1m[31mROLLBACK[0m
  [1m[35m (0.3ms)[0m  [1m[35mBEGIN[0m
  [1m[36mExperience Create (2.9ms)[0m  [1m[32mINSERT INTO "experiences" ("title", "company", "address_id", "start", "end", "user_id", "description", "created_at", "updated_at") VALUES ($1, $2, $3, $4, $5, $6, $7, $8, $9) RETURNING "id"[0m  [["title", "Java Help Desk Assistant"], ["company", "University of New Orleans"], ["address_id", 1], ["start", "2019-01-01"], ["end", "2019-05-07"], ["user_id", 1], ["description", "Tutor"], ["created_at", "2019-05-07 04:32:39.668399"], ["updated_at", "2019-05-07 04:32:39.668399"]]
  [1m[35m (6.9ms)[0m  [1m[35mCOMMIT[0m
Started GET "/" for ::1 at 2019-05-06 23:32:50 -0500
  [1m[35m (0.9ms)[0m  [1m[34mSELECT "schema_migrations"."version" FROM "schema_migrations" ORDER BY "schema_migrations"."version" ASC[0m
  ↳ /home/sduwal/.rvm/gems/ruby-2.6.0/gems/activerecord-5.2.3/lib/active_record/log_subscriber.rb:98
Processing by UserControllerController#index as HTML
  [1m[36mUser Load (2.1ms)[0m  [1m[34mSELECT  "users".* FROM "users" ORDER BY "users"."id" ASC LIMIT $1[0m  [["LIMIT", 1]]
  ↳ app/controllers/user_controller_controller.rb:3
  [1m[36mCACHE User Load (0.0ms)[0m  [1m[34mSELECT  "users".* FROM "users" ORDER BY "users"."id" ASC LIMIT $1[0m  [["LIMIT", 1]]
  ↳ app/controllers/user_controller_controller.rb:4
  [1m[36mCACHE User Load (0.0ms)[0m  [1m[34mSELECT  "users".* FROM "users" ORDER BY "users"."id" ASC LIMIT $1[0m  [["LIMIT", 1]]
  ↳ app/controllers/user_controller_controller.rb:5
  [1m[36mCACHE User Load (0.0ms)[0m  [1m[34mSELECT  "users".* FROM "users" ORDER BY "users"."id" ASC LIMIT $1[0m  [["LIMIT", 1]]
  ↳ app/controllers/user_controller_controller.rb:6
  Rendering user_controller/index.html.erb within layouts/application
  [1m[36mAddress Load (0.3ms)[0m  [1m[34mSELECT  "addresses".* FROM "addresses" WHERE "addresses"."user_id" = $1 LIMIT $2[0m  [["user_id", 1], ["LIMIT", 1]]
  ↳ app/views/user_controller/index.html.erb:10
  [1m[36mExperience Load (1.3ms)[0m  [1m[34mSELECT "experiences".* FROM "experiences" WHERE "experiences"."user_id" = $1[0m  [["user_id", 1]]
  ↳ app/views/user_controller/index.html.erb:21
  Rendered user_controller/index.html.erb within layouts/application (540.7ms)
Completed 500 Internal Server Error in 678ms (ActiveRecord: 37.2ms)


  
ActionView::Template::Error (undefined method `location' for #<Experience:0x00007f945d5ae058>):
    21:         <% @experience.each do |e| %>
    22:             <span class= "title"><%= e.title%><br/></span>
    23:             <%= e.company%><br/>
    24:             <%= e.location%><br/>
    25:             <br>
    26:             Description: <br/>
    27:             <div class="inside">
  
app/views/user_controller/index.html.erb:24:in `block in _app_views_user_controller_index_html_erb__3919475460532599385_70137592267460'
app/views/user_controller/index.html.erb:21:in `_app_views_user_controller_index_html_erb__3919475460532599385_70137592267460'
Started GET "/" for ::1 at 2019-05-06 23:33:33 -0500
Processing by UserControllerController#index as HTML
  [1m[36mUser Load (1.1ms)[0m  [1m[34mSELECT  "users".* FROM "users" ORDER BY "users"."id" ASC LIMIT $1[0m  [["LIMIT", 1]]
  ↳ app/controllers/user_controller_controller.rb:3
  [1m[36mCACHE User Load (0.1ms)[0m  [1m[34mSELECT  "users".* FROM "users" ORDER BY "users"."id" ASC LIMIT $1[0m  [["LIMIT", 1]]
  ↳ app/controllers/user_controller_controller.rb:4
  [1m[36mCACHE User Load (0.1ms)[0m  [1m[34mSELECT  "users".* FROM "users" ORDER BY "users"."id" ASC LIMIT $1[0m  [["LIMIT", 1]]
  ↳ app/controllers/user_controller_controller.rb:5
  [1m[36mCACHE User Load (0.1ms)[0m  [1m[34mSELECT  "users".* FROM "users" ORDER BY "users"."id" ASC LIMIT $1[0m  [["LIMIT", 1]]
  ↳ app/controllers/user_controller_controller.rb:6
  Rendering user_controller/index.html.erb within layouts/application
  [1m[36mAddress Load (0.7ms)[0m  [1m[34mSELECT  "addresses".* FROM "addresses" WHERE "addresses"."user_id" = $1 LIMIT $2[0m  [["user_id", 1], ["LIMIT", 1]]
  ↳ app/views/user_controller/index.html.erb:10
  [1m[36mExperience Load (2.1ms)[0m  [1m[34mSELECT "experiences".* FROM "experiences" WHERE "experiences"."user_id" = $1[0m  [["user_id", 1]]
  ↳ app/views/user_controller/index.html.erb:21
  Rendered user_controller/index.html.erb within layouts/application (31.8ms)
Completed 500 Internal Server Error in 62ms (ActiveRecord: 4.1ms)


  
ActionView::Template::Error (undefined method `city' for #<Experience:0x00007f945d7c09e0>):
    21:         <% @experience.each do |e| %>
    22:             <span class= "title"><%= e.title%><br/></span>
    23:             <%= e.company%><br/>
    24:             <tr><td><%= e.city %>, <%= e.state %></td></tr>
    25:             <br>
    26:             Description: <br/>
    27:             <div class="inside">
  
app/views/user_controller/index.html.erb:24:in `block in _app_views_user_controller_index_html_erb__3919475460532599385_70137599857140'
app/views/user_controller/index.html.erb:21:in `_app_views_user_controller_index_html_erb__3919475460532599385_70137599857140'
  [1m[36mAddress Load (0.7ms)[0m  [1m[34mSELECT "addresses".* FROM "addresses"[0m
  [1m[36mExperience Load (0.3ms)[0m  [1m[34mSELECT "experiences".* FROM "experiences"[0m
  [1m[36mExperience Load (0.8ms)[0m  [1m[34mSELECT  "experiences".* FROM "experiences" ORDER BY "experiences"."id" ASC LIMIT $1[0m  [["LIMIT", 1]]
  [1m[36mAddress Load (0.7ms)[0m  [1m[34mSELECT  "addresses".* FROM "addresses" WHERE "addresses"."id" = $1 LIMIT $2[0m  [["id", 1], ["LIMIT", 1]]
Started GET "/" for ::1 at 2019-05-06 23:34:22 -0500
Processing by UserControllerController#index as HTML
  [1m[36mUser Load (0.5ms)[0m  [1m[34mSELECT  "users".* FROM "users" ORDER BY "users"."id" ASC LIMIT $1[0m  [["LIMIT", 1]]
  ↳ app/controllers/user_controller_controller.rb:3
  [1m[36mCACHE User Load (0.0ms)[0m  [1m[34mSELECT  "users".* FROM "users" ORDER BY "users"."id" ASC LIMIT $1[0m  [["LIMIT", 1]]
  ↳ app/controllers/user_controller_controller.rb:4
  [1m[36mCACHE User Load (0.0ms)[0m  [1m[34mSELECT  "users".* FROM "users" ORDER BY "users"."id" ASC LIMIT $1[0m  [["LIMIT", 1]]
  ↳ app/controllers/user_controller_controller.rb:5
  [1m[36mCACHE User Load (0.0ms)[0m  [1m[34mSELECT  "users".* FROM "users" ORDER BY "users"."id" ASC LIMIT $1[0m  [["LIMIT", 1]]
  ↳ app/controllers/user_controller_controller.rb:6
  Rendering user_controller/index.html.erb within layouts/application
  [1m[36mAddress Load (0.6ms)[0m  [1m[34mSELECT  "addresses".* FROM "addresses" WHERE "addresses"."user_id" = $1 LIMIT $2[0m  [["user_id", 1], ["LIMIT", 1]]
  ↳ app/views/user_controller/index.html.erb:10
  [1m[36mExperience Load (0.6ms)[0m  [1m[34mSELECT "experiences".* FROM "experiences" WHERE "experiences"."user_id" = $1[0m  [["user_id", 1]]
  ↳ app/views/user_controller/index.html.erb:21
  [1m[36mAddress Load (0.4ms)[0m  [1m[34mSELECT  "addresses".* FROM "addresses" WHERE "addresses"."id" = $1 LIMIT $2[0m  [["id", 1], ["LIMIT", 1]]
  ↳ app/views/user_controller/index.html.erb:24
  [1m[36mPersonalproject Load (0.8ms)[0m  [1m[34mSELECT "personalprojects".* FROM "personalprojects" WHERE "personalprojects"."user_id" = $1[0m  [["user_id", 1]]
  ↳ app/views/user_controller/index.html.erb:54
  [1m[36mEducation Load (0.6ms)[0m  [1m[34mSELECT "educations".* FROM "educations" WHERE "educations"."user_id" = $1[0m  [["user_id", 1]]
  ↳ app/views/user_controller/index.html.erb:70
  Rendered user_controller/index.html.erb within layouts/application (53.0ms)
Completed 500 Internal Server Error in 63ms (ActiveRecord: 10.4ms)


  
ActionView::Template::Error (undefined method `addresses_id' for #<Education:0x00007f9464231ab8>
Did you mean?  address_id
               address_id?
               address_id=):
    69:         <div class="division_inside">
    70:              <% @education.each do |e| %>
    71:             <span class= "title"><%= e.school%><br/></span>
    72:             <%= Address.where(:id=>e.addresses_id).first.city%>,  <%= Address.where(:id=>e.addresses_id).first.state%><br/>
    73:             <%= e.degree%><br/>
    74:             <br/>
    75:             Field: <%= e.field%><br/>
  
app/views/user_controller/index.html.erb:72:in `block in _app_views_user_controller_index_html_erb__3919475460532599385_70137655423160'
app/views/user_controller/index.html.erb:70:in `_app_views_user_controller_index_html_erb__3919475460532599385_70137655423160'
  [1m[36mEducation Load (2.5ms)[0m  [1m[34mSELECT "educations".* FROM "educations"[0m
Started GET "/" for ::1 at 2019-05-06 23:34:54 -0500
Processing by UserControllerController#index as HTML
  [1m[36mUser Load (0.9ms)[0m  [1m[34mSELECT  "users".* FROM "users" ORDER BY "users"."id" ASC LIMIT $1[0m  [["LIMIT", 1]]
  ↳ app/controllers/user_controller_controller.rb:3
  [1m[36mCACHE User Load (0.1ms)[0m  [1m[34mSELECT  "users".* FROM "users" ORDER BY "users"."id" ASC LIMIT $1[0m  [["LIMIT", 1]]
  ↳ app/controllers/user_controller_controller.rb:4
  [1m[36mCACHE User Load (0.1ms)[0m  [1m[34mSELECT  "users".* FROM "users" ORDER BY "users"."id" ASC LIMIT $1[0m  [["LIMIT", 1]]
  ↳ app/controllers/user_controller_controller.rb:5
  [1m[36mCACHE User Load (0.2ms)[0m  [1m[34mSELECT  "users".* FROM "users" ORDER BY "users"."id" ASC LIMIT $1[0m  [["LIMIT", 1]]
  ↳ app/controllers/user_controller_controller.rb:6
  Rendering user_controller/index.html.erb within layouts/application
  [1m[36mAddress Load (0.8ms)[0m  [1m[34mSELECT  "addresses".* FROM "addresses" WHERE "addresses"."user_id" = $1 LIMIT $2[0m  [["user_id", 1], ["LIMIT", 1]]
  ↳ app/views/user_controller/index.html.erb:10
  [1m[36mExperience Load (1.9ms)[0m  [1m[34mSELECT "experiences".* FROM "experiences" WHERE "experiences"."user_id" = $1[0m  [["user_id", 1]]
  ↳ app/views/user_controller/index.html.erb:21
  [1m[36mAddress Load (1.0ms)[0m  [1m[34mSELECT  "addresses".* FROM "addresses" WHERE "addresses"."id" = $1 LIMIT $2[0m  [["id", 1], ["LIMIT", 1]]
  ↳ app/views/user_controller/index.html.erb:24
  [1m[36mPersonalproject Load (1.0ms)[0m  [1m[34mSELECT "personalprojects".* FROM "personalprojects" WHERE "personalprojects"."user_id" = $1[0m  [["user_id", 1]]
  ↳ app/views/user_controller/index.html.erb:54
  [1m[36mEducation Load (1.0ms)[0m  [1m[34mSELECT "educations".* FROM "educations" WHERE "educations"."user_id" = $1[0m  [["user_id", 1]]
  ↳ app/views/user_controller/index.html.erb:70
  Rendered user_controller/index.html.erb within layouts/application (64.4ms)
Completed 500 Internal Server Error in 92ms (ActiveRecord: 7.0ms)


  
ActionView::Template::Error (undefined method `grade' for #<Education:0x00007f945d6c7750>):
    75:             Start Year: <%=e.from.strftime("%Y")%><br/>
    76:             End Year: <%=e.to.strftime("%Y")%><br/>
    77:             Grade: 
    78:              <%if e.grade>4.0 -%>
    79:                 <%=e.grade%> (on scale of 100)<br/>
    80:             <%else%>
    81:                  <%=e.grade%> (on scale of 4.0)<br/>
  
app/views/user_controller/index.html.erb:78:in `block in _app_views_user_controller_index_html_erb__3919475460532599385_70137599191480'
app/views/user_controller/index.html.erb:70:in `_app_views_user_controller_index_html_erb__3919475460532599385_70137599191480'
  [1m[36mEducation Load (0.9ms)[0m  [1m[34mSELECT "educations".* FROM "educations"[0m
  [1m[36mEducation Load (5.3ms)[0m  [1m[34mSELECT "educations".* FROM "educations"[0m
  [1m[35m (0.2ms)[0m  [1m[34mSELECT pg_try_advisory_lock(279088437195799245)[0m
  ↳ /home/sduwal/.rvm/rubies/ruby-2.6.0/lib/ruby/gems/2.6.0/gems/rake-12.3.2/lib/rake/task.rb:273
  [1m[35m (1.1ms)[0m  [1m[34mSELECT "schema_migrations"."version" FROM "schema_migrations" ORDER BY "schema_migrations"."version" ASC[0m
  ↳ /home/sduwal/.rvm/rubies/ruby-2.6.0/lib/ruby/gems/2.6.0/gems/rake-12.3.2/lib/rake/task.rb:273
Migrating to AddGradeAndAddressToEducation (20190507043549)
  [1m[35m (0.2ms)[0m  [1m[34mSELECT pg_advisory_unlock(279088437195799245)[0m
  ↳ /home/sduwal/.rvm/rubies/ruby-2.6.0/lib/ruby/gems/2.6.0/gems/rake-12.3.2/lib/rake/task.rb:273
  [1m[35m (0.2ms)[0m  [1m[34mSELECT pg_try_advisory_lock(279088437195799245)[0m
  ↳ /home/sduwal/.rvm/rubies/ruby-2.6.0/lib/ruby/gems/2.6.0/gems/rake-12.3.2/lib/rake/task.rb:273
  [1m[35m (0.5ms)[0m  [1m[34mSELECT "schema_migrations"."version" FROM "schema_migrations" ORDER BY "schema_migrations"."version" ASC[0m
  ↳ /home/sduwal/.rvm/rubies/ruby-2.6.0/lib/ruby/gems/2.6.0/gems/rake-12.3.2/lib/rake/task.rb:273
Migrating to AddGradeAndAddressToEducation (20190507043549)
  [1m[35m (0.3ms)[0m  [1m[34mSELECT pg_advisory_unlock(279088437195799245)[0m
  ↳ /home/sduwal/.rvm/rubies/ruby-2.6.0/lib/ruby/gems/2.6.0/gems/rake-12.3.2/lib/rake/task.rb:273
  [1m[35m (0.2ms)[0m  [1m[34mSELECT pg_try_advisory_lock(279088437195799245)[0m
  ↳ /home/sduwal/.rvm/rubies/ruby-2.6.0/lib/ruby/gems/2.6.0/gems/rake-12.3.2/lib/rake/task.rb:273
  [1m[35m (0.6ms)[0m  [1m[34mSELECT "schema_migrations"."version" FROM "schema_migrations" ORDER BY "schema_migrations"."version" ASC[0m
  ↳ /home/sduwal/.rvm/rubies/ruby-2.6.0/lib/ruby/gems/2.6.0/gems/rake-12.3.2/lib/rake/task.rb:273
Migrating to AddGradeAndAddressToEducation (20190507043549)
  [1m[35m (0.3ms)[0m  [1m[34mSELECT pg_advisory_unlock(279088437195799245)[0m
  ↳ /home/sduwal/.rvm/rubies/ruby-2.6.0/lib/ruby/gems/2.6.0/gems/rake-12.3.2/lib/rake/task.rb:273
  [1m[35m (0.2ms)[0m  [1m[34mSELECT pg_try_advisory_lock(279088437195799245)[0m
  ↳ /home/sduwal/.rvm/rubies/ruby-2.6.0/lib/ruby/gems/2.6.0/gems/rake-12.3.2/lib/rake/task.rb:273
  [1m[35m (0.6ms)[0m  [1m[34mSELECT "schema_migrations"."version" FROM "schema_migrations" ORDER BY "schema_migrations"."version" ASC[0m
  ↳ /home/sduwal/.rvm/rubies/ruby-2.6.0/lib/ruby/gems/2.6.0/gems/rake-12.3.2/lib/rake/task.rb:273
Migrating to AddGradeAndAddressToEducation (20190507043549)
  [1m[35m (0.2ms)[0m  [1m[35mBEGIN[0m
  ↳ /home/sduwal/.rvm/rubies/ruby-2.6.0/lib/ruby/gems/2.6.0/gems/rake-12.3.2/lib/rake/task.rb:273
  [1m[35m (4.3ms)[0m  [1m[35mALTER TABLE "educations" ADD "grade" float[0m
  ↳ db/migrate/20190507043549_add_grade_and_address_to_education.rb:3
  [1m[35m (0.5ms)[0m  [1m[35mALTER TABLE "educations" ADD "addresses_id" bigint[0m
  ↳ db/migrate/20190507043549_add_grade_and_address_to_education.rb:4
  [1m[35m (15.4ms)[0m  [1m[35mCREATE  INDEX  "index_educations_on_addresses_id" ON "educations"  ("addresses_id")[0m
  ↳ db/migrate/20190507043549_add_grade_and_address_to_education.rb:4
  [1m[35m (11.3ms)[0m  [1m[35mALTER TABLE "educations" ADD CONSTRAINT "fk_rails_3267acc2aa"
FOREIGN KEY ("addresses_id")
  REFERENCES "addresses" ("id")
[0m
  ↳ db/migrate/20190507043549_add_grade_and_address_to_education.rb:4
  [1m[36mActiveRecord::SchemaMigration Create (0.5ms)[0m  [1m[32mINSERT INTO "schema_migrations" ("version") VALUES ($1) RETURNING "version"[0m  [["version", "20190507043549"]]
  ↳ /home/sduwal/.rvm/rubies/ruby-2.6.0/lib/ruby/gems/2.6.0/gems/rake-12.3.2/lib/rake/task.rb:273
  [1m[35m (2.5ms)[0m  [1m[35mCOMMIT[0m
  ↳ /home/sduwal/.rvm/rubies/ruby-2.6.0/lib/ruby/gems/2.6.0/gems/rake-12.3.2/lib/rake/task.rb:273
  [1m[36mActiveRecord::InternalMetadata Load (1.1ms)[0m  [1m[34mSELECT  "ar_internal_metadata".* FROM "ar_internal_metadata" WHERE "ar_internal_metadata"."key" = $1 LIMIT $2[0m  [["key", "environment"], ["LIMIT", 1]]
  ↳ /home/sduwal/.rvm/rubies/ruby-2.6.0/lib/ruby/gems/2.6.0/gems/rake-12.3.2/lib/rake/task.rb:273
  [1m[35m (0.3ms)[0m  [1m[35mBEGIN[0m
  ↳ /home/sduwal/.rvm/rubies/ruby-2.6.0/lib/ruby/gems/2.6.0/gems/rake-12.3.2/lib/rake/task.rb:273
  [1m[35m (0.2ms)[0m  [1m[35mCOMMIT[0m
  ↳ /home/sduwal/.rvm/rubies/ruby-2.6.0/lib/ruby/gems/2.6.0/gems/rake-12.3.2/lib/rake/task.rb:273
  [1m[35m (0.3ms)[0m  [1m[34mSELECT pg_advisory_unlock(279088437195799245)[0m
  ↳ /home/sduwal/.rvm/rubies/ruby-2.6.0/lib/ruby/gems/2.6.0/gems/rake-12.3.2/lib/rake/task.rb:273
  [1m[35m (0.3ms)[0m  [1m[34mSELECT "schema_migrations"."version" FROM "schema_migrations" ORDER BY "schema_migrations"."version" ASC[0m
  ↳ /home/sduwal/.rvm/rubies/ruby-2.6.0/lib/ruby/gems/2.6.0/gems/rake-12.3.2/lib/rake/task.rb:273
  [1m[36mEducation Load (1.1ms)[0m  [1m[34mSELECT "educations".* FROM "educations"[0m
  [1m[36mEducation Load (0.9ms)[0m  [1m[34mSELECT  "educations".* FROM "educations" ORDER BY "educations"."id" ASC LIMIT $1[0m  [["LIMIT", 1]]
  [1m[36mAddress Load (2.2ms)[0m  [1m[34mSELECT  "addresses".* FROM "addresses" ORDER BY "addresses"."id" ASC LIMIT $1[0m  [["LIMIT", 1]]
  [1m[35m (0.3ms)[0m  [1m[35mBEGIN[0m
  [1m[36mUser Load (2.3ms)[0m  [1m[34mSELECT  "users".* FROM "users" WHERE "users"."id" = $1 LIMIT $2[0m  [["id", 1], ["LIMIT", 1]]
  [1m[36mEducation Update (1.2ms)[0m  [1m[33mUPDATE "educations" SET "updated_at" = $1, "grade" = $2 WHERE "educations"."id" = $3[0m  [["updated_at", "2019-05-07 05:03:04.094724"], ["grade", 4.0], ["id", 1]]
  [1m[35m (3.3ms)[0m  [1m[35mCOMMIT[0m
Started GET "/" for ::1 at 2019-05-07 00:03:14 -0500
  [1m[35m (0.4ms)[0m  [1m[34mSELECT "schema_migrations"."version" FROM "schema_migrations" ORDER BY "schema_migrations"."version" ASC[0m
  ↳ /home/sduwal/.rvm/gems/ruby-2.6.0/gems/activerecord-5.2.3/lib/active_record/log_subscriber.rb:98
Processing by UserControllerController#index as HTML
  [1m[36mUser Load (0.4ms)[0m  [1m[34mSELECT  "users".* FROM "users" ORDER BY "users"."id" ASC LIMIT $1[0m  [["LIMIT", 1]]
  ↳ app/controllers/user_controller_controller.rb:3
  [1m[36mCACHE User Load (0.0ms)[0m  [1m[34mSELECT  "users".* FROM "users" ORDER BY "users"."id" ASC LIMIT $1[0m  [["LIMIT", 1]]
  ↳ app/controllers/user_controller_controller.rb:4
  [1m[36mCACHE User Load (0.0ms)[0m  [1m[34mSELECT  "users".* FROM "users" ORDER BY "users"."id" ASC LIMIT $1[0m  [["LIMIT", 1]]
  ↳ app/controllers/user_controller_controller.rb:5
  [1m[36mCACHE User Load (0.0ms)[0m  [1m[34mSELECT  "users".* FROM "users" ORDER BY "users"."id" ASC LIMIT $1[0m  [["LIMIT", 1]]
  ↳ app/controllers/user_controller_controller.rb:6
  Rendering user_controller/index.html.erb within layouts/application
  [1m[36mAddress Load (0.4ms)[0m  [1m[34mSELECT  "addresses".* FROM "addresses" WHERE "addresses"."user_id" = $1 LIMIT $2[0m  [["user_id", 1], ["LIMIT", 1]]
  ↳ app/views/user_controller/index.html.erb:10
  [1m[36mExperience Load (1.9ms)[0m  [1m[34mSELECT "experiences".* FROM "experiences" WHERE "experiences"."user_id" = $1[0m  [["user_id", 1]]
  ↳ app/views/user_controller/index.html.erb:21
  [1m[36mAddress Load (0.2ms)[0m  [1m[34mSELECT  "addresses".* FROM "addresses" WHERE "addresses"."id" = $1 LIMIT $2[0m  [["id", 1], ["LIMIT", 1]]
  ↳ app/views/user_controller/index.html.erb:24
  [1m[36mPersonalproject Load (1.4ms)[0m  [1m[34mSELECT "personalprojects".* FROM "personalprojects" WHERE "personalprojects"."user_id" = $1[0m  [["user_id", 1]]
  ↳ app/views/user_controller/index.html.erb:54
  [1m[36mEducation Load (0.3ms)[0m  [1m[34mSELECT "educations".* FROM "educations" WHERE "educations"."user_id" = $1[0m  [["user_id", 1]]
  ↳ app/views/user_controller/index.html.erb:70
  Rendered user_controller/index.html.erb within layouts/application (287.9ms)
Completed 200 OK in 356ms (Views: 307.1ms | ActiveRecord: 19.5ms)


Started GET "/" for ::1 at 2019-05-07 00:04:19 -0500
Processing by UserControllerController#index as HTML
  [1m[36mUser Load (1.9ms)[0m  [1m[34mSELECT  "users".* FROM "users" ORDER BY "users"."id" ASC LIMIT $1[0m  [["LIMIT", 1]]
  ↳ app/controllers/user_controller_controller.rb:3
  [1m[36mCACHE User Load (0.0ms)[0m  [1m[34mSELECT  "users".* FROM "users" ORDER BY "users"."id" ASC LIMIT $1[0m  [["LIMIT", 1]]
  ↳ app/controllers/user_controller_controller.rb:4
  [1m[36mCACHE User Load (0.0ms)[0m  [1m[34mSELECT  "users".* FROM "users" ORDER BY "users"."id" ASC LIMIT $1[0m  [["LIMIT", 1]]
  ↳ app/controllers/user_controller_controller.rb:5
  [1m[36mCACHE User Load (0.2ms)[0m  [1m[34mSELECT  "users".* FROM "users" ORDER BY "users"."id" ASC LIMIT $1[0m  [["LIMIT", 1]]
  ↳ app/controllers/user_controller_controller.rb:6
  Rendering user_controller/index.html.erb within layouts/application
  [1m[36mAddress Load (1.0ms)[0m  [1m[34mSELECT  "addresses".* FROM "addresses" WHERE "addresses"."user_id" = $1 LIMIT $2[0m  [["user_id", 1], ["LIMIT", 1]]
  ↳ app/views/user_controller/index.html.erb:10
  [1m[36mExperience Load (1.2ms)[0m  [1m[34mSELECT "experiences".* FROM "experiences" WHERE "experiences"."user_id" = $1[0m  [["user_id", 1]]
  ↳ app/views/user_controller/index.html.erb:21
  [1m[36mAddress Load (1.2ms)[0m  [1m[34mSELECT  "addresses".* FROM "addresses" WHERE "addresses"."id" = $1 LIMIT $2[0m  [["id", 1], ["LIMIT", 1]]
  ↳ app/views/user_controller/index.html.erb:24
  [1m[36mPersonalproject Load (1.3ms)[0m  [1m[34mSELECT "personalprojects".* FROM "personalprojects" WHERE "personalprojects"."user_id" = $1[0m  [["user_id", 1]]
  ↳ app/views/user_controller/index.html.erb:54
  [1m[36mEducation Load (0.8ms)[0m  [1m[34mSELECT "educations".* FROM "educations" WHERE "educations"."user_id" = $1[0m  [["user_id", 1]]
  ↳ app/views/user_controller/index.html.erb:70
  Rendered user_controller/index.html.erb within layouts/application (42.1ms)
Completed 200 OK in 132ms (Views: 105.2ms | ActiveRecord: 7.7ms)


Started GET "/" for ::1 at 2019-05-07 00:18:39 -0500
Processing by UserControllerController#index as HTML
  [1m[36mUser Load (1.0ms)[0m  [1m[34mSELECT  "users".* FROM "users" ORDER BY "users"."id" ASC LIMIT $1[0m  [["LIMIT", 1]]
  ↳ app/controllers/user_controller_controller.rb:3
  [1m[36mCACHE User Load (0.1ms)[0m  [1m[34mSELECT  "users".* FROM "users" ORDER BY "users"."id" ASC LIMIT $1[0m  [["LIMIT", 1]]
  ↳ app/controllers/user_controller_controller.rb:4
  [1m[36mCACHE User Load (0.1ms)[0m  [1m[34mSELECT  "users".* FROM "users" ORDER BY "users"."id" ASC LIMIT $1[0m  [["LIMIT", 1]]
  ↳ app/controllers/user_controller_controller.rb:5
  [1m[36mCACHE User Load (0.1ms)[0m  [1m[34mSELECT  "users".* FROM "users" ORDER BY "users"."id" ASC LIMIT $1[0m  [["LIMIT", 1]]
  ↳ app/controllers/user_controller_controller.rb:6
  Rendering user_controller/index.html.erb within layouts/application
  [1m[36mAddress Load (2.0ms)[0m  [1m[34mSELECT  "addresses".* FROM "addresses" WHERE "addresses"."user_id" = $1 LIMIT $2[0m  [["user_id", 1], ["LIMIT", 1]]
  ↳ app/views/user_controller/index.html.erb:10
  [1m[36mExperience Load (1.1ms)[0m  [1m[34mSELECT "experiences".* FROM "experiences" WHERE "experiences"."user_id" = $1[0m  [["user_id", 1]]
  ↳ app/views/user_controller/index.html.erb:21
  [1m[36mAddress Load (1.0ms)[0m  [1m[34mSELECT  "addresses".* FROM "addresses" WHERE "addresses"."id" = $1 LIMIT $2[0m  [["id", 1], ["LIMIT", 1]]
  ↳ app/views/user_controller/index.html.erb:24
  [1m[36mPersonalproject Load (1.6ms)[0m  [1m[34mSELECT "personalprojects".* FROM "personalprojects" WHERE "personalprojects"."user_id" = $1[0m  [["user_id", 1]]
  ↳ app/views/user_controller/index.html.erb:54
  [1m[36mEducation Load (1.4ms)[0m  [1m[34mSELECT "educations".* FROM "educations" WHERE "educations"."user_id" = $1[0m  [["user_id", 1]]
  ↳ app/views/user_controller/index.html.erb:70
  Rendered user_controller/index.html.erb within layouts/application (51.7ms)
Completed 200 OK in 116ms (Views: 87.4ms | ActiveRecord: 9.0ms)


Started GET "/" for 127.0.0.1 at 2019-05-07 00:18:42 -0500
  [1m[35m (0.8ms)[0m  [1m[34mSELECT "schema_migrations"."version" FROM "schema_migrations" ORDER BY "schema_migrations"."version" ASC[0m
  ↳ /home/sduwal/.rvm/gems/ruby-2.6.0/gems/activerecord-5.2.3/lib/active_record/log_subscriber.rb:98
Processing by UserControllerController#index as HTML
  [1m[36mUser Load (0.4ms)[0m  [1m[34mSELECT  "users".* FROM "users" ORDER BY "users"."id" ASC LIMIT $1[0m  [["LIMIT", 1]]
  ↳ app/controllers/user_controller_controller.rb:3
  [1m[36mCACHE User Load (0.0ms)[0m  [1m[34mSELECT  "users".* FROM "users" ORDER BY "users"."id" ASC LIMIT $1[0m  [["LIMIT", 1]]
  ↳ app/controllers/user_controller_controller.rb:4
  [1m[36mCACHE User Load (0.0ms)[0m  [1m[34mSELECT  "users".* FROM "users" ORDER BY "users"."id" ASC LIMIT $1[0m  [["LIMIT", 1]]
  ↳ app/controllers/user_controller_controller.rb:5
  [1m[36mCACHE User Load (0.0ms)[0m  [1m[34mSELECT  "users".* FROM "users" ORDER BY "users"."id" ASC LIMIT $1[0m  [["LIMIT", 1]]
  ↳ app/controllers/user_controller_controller.rb:6
  Rendering user_controller/index.html.erb within layouts/application
  [1m[36mAddress Load (0.5ms)[0m  [1m[34mSELECT  "addresses".* FROM "addresses" WHERE "addresses"."user_id" = $1 LIMIT $2[0m  [["user_id", 1], ["LIMIT", 1]]
  ↳ app/views/user_controller/index.html.erb:10
  [1m[36mExperience Load (0.6ms)[0m  [1m[34mSELECT "experiences".* FROM "experiences" WHERE "experiences"."user_id" = $1[0m  [["user_id", 1]]
  ↳ app/views/user_controller/index.html.erb:21
  [1m[36mAddress Load (0.2ms)[0m  [1m[34mSELECT  "addresses".* FROM "addresses" WHERE "addresses"."id" = $1 LIMIT $2[0m  [["id", 1], ["LIMIT", 1]]
  ↳ app/views/user_controller/index.html.erb:24
  [1m[36mPersonalproject Load (0.3ms)[0m  [1m[34mSELECT "personalprojects".* FROM "personalprojects" WHERE "personalprojects"."user_id" = $1[0m  [["user_id", 1]]
  ↳ app/views/user_controller/index.html.erb:54
  [1m[36mEducation Load (0.3ms)[0m  [1m[34mSELECT "educations".* FROM "educations" WHERE "educations"."user_id" = $1[0m  [["user_id", 1]]
  ↳ app/views/user_controller/index.html.erb:70
  Rendered user_controller/index.html.erb within layouts/application (260.2ms)
Completed 200 OK in 349ms (Views: 265.1ms | ActiveRecord: 18.4ms)


Started GET "/" for ::1 at 2019-05-07 00:40:47 -0500
  [1m[35m (1.8ms)[0m  [1m[34mSELECT "schema_migrations"."version" FROM "schema_migrations" ORDER BY "schema_migrations"."version" ASC[0m
  ↳ /home/sduwal/.rvm/gems/ruby-2.6.0/gems/activerecord-5.2.3/lib/active_record/log_subscriber.rb:98
Processing by UserControllerController#index as HTML
  [1m[36mUser Load (0.5ms)[0m  [1m[34mSELECT  "users".* FROM "users" ORDER BY "users"."id" ASC LIMIT $1[0m  [["LIMIT", 1]]
  ↳ app/controllers/user_controller_controller.rb:3
  [1m[36mCACHE User Load (0.0ms)[0m  [1m[34mSELECT  "users".* FROM "users" ORDER BY "users"."id" ASC LIMIT $1[0m  [["LIMIT", 1]]
  ↳ app/controllers/user_controller_controller.rb:4
  [1m[36mCACHE User Load (0.0ms)[0m  [1m[34mSELECT  "users".* FROM "users" ORDER BY "users"."id" ASC LIMIT $1[0m  [["LIMIT", 1]]
  ↳ app/controllers/user_controller_controller.rb:5
  [1m[36mCACHE User Load (0.0ms)[0m  [1m[34mSELECT  "users".* FROM "users" ORDER BY "users"."id" ASC LIMIT $1[0m  [["LIMIT", 1]]
  ↳ app/controllers/user_controller_controller.rb:6
  Rendering user_controller/index.html.erb within layouts/application
  [1m[36mAddress Load (1.2ms)[0m  [1m[34mSELECT  "addresses".* FROM "addresses" WHERE "addresses"."user_id" = $1 LIMIT $2[0m  [["user_id", 1], ["LIMIT", 1]]
  ↳ app/views/user_controller/index.html.erb:10
  [1m[36mExperience Load (1.2ms)[0m  [1m[34mSELECT "experiences".* FROM "experiences" WHERE "experiences"."user_id" = $1[0m  [["user_id", 1]]
  ↳ app/views/user_controller/index.html.erb:21
  [1m[36mAddress Load (0.3ms)[0m  [1m[34mSELECT  "addresses".* FROM "addresses" WHERE "addresses"."id" = $1 LIMIT $2[0m  [["id", 1], ["LIMIT", 1]]
  ↳ app/views/user_controller/index.html.erb:24
  [1m[36mPersonalproject Load (0.3ms)[0m  [1m[34mSELECT "personalprojects".* FROM "personalprojects" WHERE "personalprojects"."user_id" = $1[0m  [["user_id", 1]]
  ↳ app/views/user_controller/index.html.erb:54
  [1m[36mEducation Load (1.1ms)[0m  [1m[34mSELECT "educations".* FROM "educations" WHERE "educations"."user_id" = $1[0m  [["user_id", 1]]
  ↳ app/views/user_controller/index.html.erb:70
  Rendered user_controller/index.html.erb within layouts/application (548.3ms)
Completed 200 OK in 700ms (Views: 569.1ms | ActiveRecord: 28.8ms)


  [1m[36mUser Load (1.3ms)[0m  [1m[34mSELECT  "users".* FROM "users" ORDER BY "users"."id" ASC LIMIT $1[0m  [["LIMIT", 1]]
  [1m[35m (0.3ms)[0m  [1m[35mBEGIN[0m
  [1m[35m (0.4ms)[0m  [1m[31mROLLBACK[0m
  [1m[35m (0.4ms)[0m  [1m[35mBEGIN[0m
  [1m[36mPersonalproject Create (8.6ms)[0m  [1m[32mINSERT INTO "personalprojects" ("name", "link", "description", "user_id", "created_at", "updated_at") VALUES ($1, $2, $3, $4, $5, $6) RETURNING "id"[0m  [["name", "Youth awakening Society"], ["link", "Hllo"], ["description", "sndakjsdnjkasndkjasbdfkjasbkajs"], ["user_id", 1], ["created_at", "2019-05-07 05:52:39.264370"], ["updated_at", "2019-05-07 05:52:39.264370"]]
  [1m[35m (3.3ms)[0m  [1m[35mCOMMIT[0m
Started GET "/" for ::1 at 2019-05-07 00:55:10 -0500
  [1m[35m (0.7ms)[0m  [1m[34mSELECT "schema_migrations"."version" FROM "schema_migrations" ORDER BY "schema_migrations"."version" ASC[0m
  ↳ /home/sduwal/.rvm/gems/ruby-2.6.0/gems/activerecord-5.2.3/lib/active_record/log_subscriber.rb:98
Processing by UserControllerController#index as HTML
  [1m[36mUser Load (0.8ms)[0m  [1m[34mSELECT  "users".* FROM "users" ORDER BY "users"."id" ASC LIMIT $1[0m  [["LIMIT", 1]]
  ↳ app/controllers/user_controller_controller.rb:3
  [1m[36mCACHE User Load (0.0ms)[0m  [1m[34mSELECT  "users".* FROM "users" ORDER BY "users"."id" ASC LIMIT $1[0m  [["LIMIT", 1]]
  ↳ app/controllers/user_controller_controller.rb:4
  [1m[36mCACHE User Load (0.0ms)[0m  [1m[34mSELECT  "users".* FROM "users" ORDER BY "users"."id" ASC LIMIT $1[0m  [["LIMIT", 1]]
  ↳ app/controllers/user_controller_controller.rb:5
  [1m[36mCACHE User Load (0.0ms)[0m  [1m[34mSELECT  "users".* FROM "users" ORDER BY "users"."id" ASC LIMIT $1[0m  [["LIMIT", 1]]
  ↳ app/controllers/user_controller_controller.rb:6
  Rendering user_controller/index.html.erb within layouts/application
  [1m[36mAddress Load (0.3ms)[0m  [1m[34mSELECT  "addresses".* FROM "addresses" WHERE "addresses"."user_id" = $1 LIMIT $2[0m  [["user_id", 1], ["LIMIT", 1]]
  ↳ app/views/user_controller/index.html.erb:10
  [1m[36mExperience Load (0.5ms)[0m  [1m[34mSELECT "experiences".* FROM "experiences" WHERE "experiences"."user_id" = $1[0m  [["user_id", 1]]
  ↳ app/views/user_controller/index.html.erb:21
  [1m[36mAddress Load (0.4ms)[0m  [1m[34mSELECT  "addresses".* FROM "addresses" WHERE "addresses"."id" = $1 LIMIT $2[0m  [["id", 1], ["LIMIT", 1]]
  ↳ app/views/user_controller/index.html.erb:24
  [1m[36mPersonalproject Load (0.4ms)[0m  [1m[34mSELECT "personalprojects".* FROM "personalprojects" WHERE "personalprojects"."user_id" = $1[0m  [["user_id", 1]]
  ↳ app/views/user_controller/index.html.erb:54
  [1m[36mEducation Load (0.6ms)[0m  [1m[34mSELECT "educations".* FROM "educations" WHERE "educations"."user_id" = $1[0m  [["user_id", 1]]
  ↳ app/views/user_controller/index.html.erb:70
  Rendered user_controller/index.html.erb within layouts/application (339.9ms)
Completed 200 OK in 438ms (Views: 361.4ms | ActiveRecord: 26.5ms)


  [1m[36mUser Load (2.1ms)[0m  [1m[34mSELECT  "users".* FROM "users" ORDER BY "users"."id" ASC LIMIT $1[0m  [["LIMIT", 1]]
  [1m[35m (0.4ms)[0m  [1m[35mBEGIN[0m
  [1m[36mPersonalaward Create (9.6ms)[0m  [1m[32mINSERT INTO "personalawards" ("title", "issuer", "description", "from", "to", "user_id", "created_at", "updated_at") VALUES ($1, $2, $3, $4, $5, $6, $7, $8) RETURNING "id"[0m  [["title", "Homer Hitt Scholarship"], ["issuer", "University of New Orleans"], ["description", "Full ride"], ["from", "2015-01-01"], ["to", "2019-01-01"], ["user_id", 1], ["created_at", "2019-05-07 05:56:31.998542"], ["updated_at", "2019-05-07 05:56:31.998542"]]
  [1m[35m (4.8ms)[0m  [1m[35mCOMMIT[0m
Started GET "/" for ::1 at 2019-05-07 00:56:52 -0500
  [1m[35m (1.1ms)[0m  [1m[34mSELECT "schema_migrations"."version" FROM "schema_migrations" ORDER BY "schema_migrations"."version" ASC[0m
  ↳ /home/sduwal/.rvm/gems/ruby-2.6.0/gems/activerecord-5.2.3/lib/active_record/log_subscriber.rb:98
Processing by UserControllerController#index as HTML
  [1m[36mUser Load (0.5ms)[0m  [1m[34mSELECT  "users".* FROM "users" ORDER BY "users"."id" ASC LIMIT $1[0m  [["LIMIT", 1]]
  ↳ app/controllers/user_controller_controller.rb:3
  [1m[36mCACHE User Load (0.0ms)[0m  [1m[34mSELECT  "users".* FROM "users" ORDER BY "users"."id" ASC LIMIT $1[0m  [["LIMIT", 1]]
  ↳ app/controllers/user_controller_controller.rb:4
  [1m[36mCACHE User Load (0.0ms)[0m  [1m[34mSELECT  "users".* FROM "users" ORDER BY "users"."id" ASC LIMIT $1[0m  [["LIMIT", 1]]
  ↳ app/controllers/user_controller_controller.rb:5
  [1m[36mCACHE User Load (0.1ms)[0m  [1m[34mSELECT  "users".* FROM "users" ORDER BY "users"."id" ASC LIMIT $1[0m  [["LIMIT", 1]]
  ↳ app/controllers/user_controller_controller.rb:6
  Rendering user_controller/index.html.erb within layouts/application
  [1m[36mAddress Load (0.4ms)[0m  [1m[34mSELECT  "addresses".* FROM "addresses" WHERE "addresses"."user_id" = $1 LIMIT $2[0m  [["user_id", 1], ["LIMIT", 1]]
  ↳ app/views/user_controller/index.html.erb:10
  [1m[36mExperience Load (0.6ms)[0m  [1m[34mSELECT "experiences".* FROM "experiences" WHERE "experiences"."user_id" = $1[0m  [["user_id", 1]]
  ↳ app/views/user_controller/index.html.erb:21
  [1m[36mAddress Load (0.4ms)[0m  [1m[34mSELECT  "addresses".* FROM "addresses" WHERE "addresses"."id" = $1 LIMIT $2[0m  [["id", 1], ["LIMIT", 1]]
  ↳ app/views/user_controller/index.html.erb:24
  [1m[36mPersonalproject Load (0.6ms)[0m  [1m[34mSELECT "personalprojects".* FROM "personalprojects" WHERE "personalprojects"."user_id" = $1[0m  [["user_id", 1]]
  ↳ app/views/user_controller/index.html.erb:54
  [1m[36mEducation Load (0.8ms)[0m  [1m[34mSELECT "educations".* FROM "educations" WHERE "educations"."user_id" = $1[0m  [["user_id", 1]]
  ↳ app/views/user_controller/index.html.erb:70
  Rendered user_controller/index.html.erb within layouts/application (340.0ms)
Completed 200 OK in 469ms (Views: 361.9ms | ActiveRecord: 28.3ms)


